{"C:\\IntervalTimer\\IntervalTimer\\App.js": {"path":"C:\\IntervalTimer\\IntervalTimer\\App.js","statementMap":{"0":{"start":{"line":9,"column":12},"end":{"line":105,"column":1}},"1":{"start":{"line":10,"column":40},"end":{"line":10,"column":51}},"2":{"start":{"line":11,"column":38},"end":{"line":11,"column":49}},"3":{"start":{"line":12,"column":40},"end":{"line":12,"column":51}},"4":{"start":{"line":13,"column":36},"end":{"line":13,"column":47}},"5":{"start":{"line":15,"column":21},"end":{"line":15,"column":75}},"6":{"start":{"line":16,"column":20},"end":{"line":16,"column":53}},"7":{"start":{"line":18,"column":2},"end":{"line":104,"column":4}}},"fnMap":{"0":{"name":"(anonymous_0)","decl":{"start":{"line":9,"column":12},"end":{"line":9,"column":13}},"loc":{"start":{"line":9,"column":18},"end":{"line":105,"column":1}},"line":9}},"branchMap":{"0":{"loc":{"start":{"line":29,"column":58},"end":{"line":29,"column":96}},"type":"cond-expr","locations":[{"start":{"line":29,"column":76},"end":{"line":29,"column":87}},{"start":{"line":29,"column":90},"end":{"line":29,"column":96}}],"line":29}},"s":{"0":0,"1":0,"2":0,"3":0,"4":0,"5":0,"6":0,"7":0},"f":{"0":0},"b":{"0":[0,0]}}
,"C:\\IntervalTimer\\IntervalTimer\\src\\components\\FightClock.jsx": {"path":"C:\\IntervalTimer\\IntervalTimer\\src\\components\\FightClock.jsx","statementMap":{"0":{"start":{"line":7,"column":19},"end":{"line":251,"column":1}},"1":{"start":{"line":8,"column":36},"end":{"line":8,"column":99}},"2":{"start":{"line":9,"column":32},"end":{"line":9,"column":43}},"3":{"start":{"line":10,"column":36},"end":{"line":10,"column":50}},"4":{"start":{"line":11,"column":44},"end":{"line":11,"column":59}},"5":{"start":{"line":12,"column":36},"end":{"line":12,"column":50}},"6":{"start":{"line":13,"column":38},"end":{"line":13,"column":52}},"7":{"start":{"line":14,"column":46},"end":{"line":14,"column":61}},"8":{"start":{"line":15,"column":21},"end":{"line":15,"column":50}},"9":{"start":{"line":16,"column":50},"end":{"line":16,"column":76}},"10":{"start":{"line":17,"column":40},"end":{"line":17,"column":54}},"11":{"start":{"line":19,"column":24},"end":{"line":19,"column":92}},"12":{"start":{"line":20,"column":22},"end":{"line":20,"column":51}},"13":{"start":{"line":22,"column":4},"end":{"line":39,"column":11}},"14":{"start":{"line":23,"column":29},"end":{"line":34,"column":10}},"15":{"start":{"line":24,"column":12},"end":{"line":29,"column":13}},"16":{"start":{"line":28,"column":16},"end":{"line":28,"column":39}},"17":{"start":{"line":31,"column":12},"end":{"line":31,"column":44}},"18":{"start":{"line":32,"column":12},"end":{"line":32,"column":49}},"19":{"start":{"line":36,"column":8},"end":{"line":38,"column":10}},"20":{"start":{"line":37,"column":12},"end":{"line":37,"column":34}},"21":{"start":{"line":42,"column":4},"end":{"line":56,"column":29}},"22":{"start":{"line":43,"column":8},"end":{"line":54,"column":9}},"23":{"start":{"line":45,"column":12},"end":{"line":47,"column":13}},"24":{"start":{"line":46,"column":16},"end":{"line":46,"column":44}},"25":{"start":{"line":48,"column":12},"end":{"line":50,"column":13}},"26":{"start":{"line":49,"column":16},"end":{"line":49,"column":45}},"27":{"start":{"line":51,"column":12},"end":{"line":53,"column":13}},"28":{"start":{"line":52,"column":16},"end":{"line":52,"column":45}},"29":{"start":{"line":55,"column":8},"end":{"line":55,"column":31}},"30":{"start":{"line":58,"column":4},"end":{"line":173,"column":19}},"31":{"start":{"line":59,"column":8},"end":{"line":170,"column":9}},"32":{"start":{"line":60,"column":12},"end":{"line":60,"column":34}},"33":{"start":{"line":61,"column":12},"end":{"line":61,"column":44}},"34":{"start":{"line":62,"column":32},"end":{"line":62,"column":75}},"35":{"start":{"line":63,"column":34},"end":{"line":63,"column":61}},"36":{"start":{"line":64,"column":12},"end":{"line":64,"column":57}},"37":{"start":{"line":66,"column":12},"end":{"line":138,"column":13}},"38":{"start":{"line":68,"column":16},"end":{"line":131,"column":17}},"39":{"start":{"line":69,"column":20},"end":{"line":69,"column":42}},"40":{"start":{"line":70,"column":20},"end":{"line":70,"column":59}},"41":{"start":{"line":71,"column":20},"end":{"line":71,"column":43}},"42":{"start":{"line":76,"column":37},"end":{"line":76,"column":50}},"43":{"start":{"line":77,"column":20},"end":{"line":93,"column":21}},"44":{"start":{"line":78,"column":24},"end":{"line":87,"column":25}},"45":{"start":{"line":78,"column":37},"end":{"line":78,"column":38}},"46":{"start":{"line":79,"column":40},"end":{"line":79,"column":92}},"47":{"start":{"line":80,"column":40},"end":{"line":80,"column":86}},"48":{"start":{"line":81,"column":28},"end":{"line":86,"column":29}},"49":{"start":{"line":82,"column":32},"end":{"line":82,"column":57}},"50":{"start":{"line":85,"column":32},"end":{"line":85,"column":51}},"51":{"start":{"line":90,"column":24},"end":{"line":92,"column":25}},"52":{"start":{"line":90,"column":37},"end":{"line":90,"column":38}},"53":{"start":{"line":91,"column":28},"end":{"line":91,"column":72}},"54":{"start":{"line":94,"column":20},"end":{"line":94,"column":55}},"55":{"start":{"line":96,"column":20},"end":{"line":130,"column":21}},"56":{"start":{"line":96,"column":33},"end":{"line":96,"column":34}},"57":{"start":{"line":98,"column":24},"end":{"line":129,"column":25}},"58":{"start":{"line":100,"column":28},"end":{"line":119,"column":29}},"59":{"start":{"line":101,"column":32},"end":{"line":103,"column":33}},"60":{"start":{"line":102,"column":36},"end":{"line":102,"column":59}},"61":{"start":{"line":104,"column":32},"end":{"line":104,"column":67}},"62":{"start":{"line":105,"column":32},"end":{"line":105,"column":55}},"63":{"start":{"line":106,"column":32},"end":{"line":106,"column":75}},"64":{"start":{"line":111,"column":33},"end":{"line":119,"column":29}},"65":{"start":{"line":112,"column":32},"end":{"line":114,"column":33}},"66":{"start":{"line":113,"column":36},"end":{"line":113,"column":59}},"67":{"start":{"line":115,"column":32},"end":{"line":115,"column":65}},"68":{"start":{"line":116,"column":32},"end":{"line":116,"column":54}},"69":{"start":{"line":117,"column":32},"end":{"line":117,"column":75}},"70":{"start":{"line":118,"column":32},"end":{"line":118,"column":107}},"71":{"start":{"line":123,"column":28},"end":{"line":128,"column":29}},"72":{"start":{"line":124,"column":32},"end":{"line":124,"column":49}},"73":{"start":{"line":125,"column":32},"end":{"line":125,"column":75}},"74":{"start":{"line":126,"column":32},"end":{"line":126,"column":55}},"75":{"start":{"line":135,"column":16},"end":{"line":135,"column":40}},"76":{"start":{"line":136,"column":16},"end":{"line":136,"column":34}},"77":{"start":{"line":137,"column":16},"end":{"line":137,"column":42}},"78":{"start":{"line":142,"column":12},"end":{"line":144,"column":13}},"79":{"start":{"line":143,"column":16},"end":{"line":143,"column":38}},"80":{"start":{"line":147,"column":12},"end":{"line":163,"column":13}},"81":{"start":{"line":148,"column":16},"end":{"line":155,"column":17}},"82":{"start":{"line":149,"column":20},"end":{"line":154,"column":21}},"83":{"start":{"line":150,"column":24},"end":{"line":150,"column":47}},"84":{"start":{"line":152,"column":25},"end":{"line":154,"column":21}},"85":{"start":{"line":153,"column":24},"end":{"line":153,"column":46}},"86":{"start":{"line":157,"column":16},"end":{"line":162,"column":19}},"87":{"start":{"line":158,"column":20},"end":{"line":158,"column":67}},"88":{"start":{"line":158,"column":49},"end":{"line":158,"column":65}},"89":{"start":{"line":159,"column":20},"end":{"line":159,"column":90}},"90":{"start":{"line":159,"column":67},"end":{"line":159,"column":88}},"91":{"start":{"line":160,"column":20},"end":{"line":161,"column":46}},"92":{"start":{"line":160,"column":44},"end":{"line":160,"column":65}},"93":{"start":{"line":161,"column":27},"end":{"line":161,"column":44}},"94":{"start":{"line":164,"column":12},"end":{"line":169,"column":13}},"95":{"start":{"line":165,"column":16},"end":{"line":165,"column":40}},"96":{"start":{"line":166,"column":16},"end":{"line":166,"column":34}},"97":{"start":{"line":167,"column":16},"end":{"line":167,"column":42}},"98":{"start":{"line":168,"column":16},"end":{"line":168,"column":35}},"99":{"start":{"line":172,"column":8},"end":{"line":172,"column":26}},"100":{"start":{"line":175,"column":26},"end":{"line":198,"column":5}},"101":{"start":{"line":176,"column":8},"end":{"line":197,"column":9}},"102":{"start":{"line":177,"column":12},"end":{"line":180,"column":13}},"103":{"start":{"line":182,"column":12},"end":{"line":182,"column":37}},"104":{"start":{"line":183,"column":12},"end":{"line":183,"column":34}},"105":{"start":{"line":184,"column":12},"end":{"line":188,"column":22}},"106":{"start":{"line":185,"column":16},"end":{"line":187,"column":19}},"107":{"start":{"line":186,"column":20},"end":{"line":186,"column":41}},"108":{"start":{"line":189,"column":12},"end":{"line":194,"column":13}},"109":{"start":{"line":190,"column":16},"end":{"line":190,"column":38}},"110":{"start":{"line":193,"column":16},"end":{"line":193,"column":38}},"111":{"start":{"line":195,"column":12},"end":{"line":195,"column":77}},"112":{"start":{"line":196,"column":12},"end":{"line":196,"column":25}},"113":{"start":{"line":200,"column":4},"end":{"line":250,"column":5}},"114":{"start":{"line":216,"column":20},"end":{"line":216,"column":43}},"115":{"start":{"line":217,"column":20},"end":{"line":217,"column":44}},"116":{"start":{"line":218,"column":20},"end":{"line":218,"column":38}},"117":{"start":{"line":219,"column":20},"end":{"line":219,"column":39}},"118":{"start":{"line":220,"column":20},"end":{"line":220,"column":44}},"119":{"start":{"line":221,"column":20},"end":{"line":221,"column":38}}},"fnMap":{"0":{"name":"(anonymous_0)","decl":{"start":{"line":7,"column":19},"end":{"line":7,"column":20}},"loc":{"start":{"line":7,"column":76},"end":{"line":251,"column":1}},"line":7},"1":{"name":"(anonymous_1)","decl":{"start":{"line":22,"column":14},"end":{"line":22,"column":15}},"loc":{"start":{"line":22,"column":20},"end":{"line":39,"column":5}},"line":22},"2":{"name":"(anonymous_2)","decl":{"start":{"line":23,"column":65},"end":{"line":23,"column":66}},"loc":{"start":{"line":23,"column":81},"end":{"line":34,"column":9}},"line":23},"3":{"name":"(anonymous_3)","decl":{"start":{"line":36,"column":15},"end":{"line":36,"column":16}},"loc":{"start":{"line":36,"column":21},"end":{"line":38,"column":9}},"line":36},"4":{"name":"(anonymous_4)","decl":{"start":{"line":42,"column":14},"end":{"line":42,"column":15}},"loc":{"start":{"line":42,"column":20},"end":{"line":56,"column":5}},"line":42},"5":{"name":"(anonymous_5)","decl":{"start":{"line":58,"column":14},"end":{"line":58,"column":15}},"loc":{"start":{"line":58,"column":20},"end":{"line":173,"column":5}},"line":58},"6":{"name":"(anonymous_6)","decl":{"start":{"line":157,"column":26},"end":{"line":157,"column":27}},"loc":{"start":{"line":157,"column":39},"end":{"line":162,"column":17}},"line":157},"7":{"name":"(anonymous_7)","decl":{"start":{"line":175,"column":26},"end":{"line":175,"column":27}},"loc":{"start":{"line":175,"column":32},"end":{"line":198,"column":5}},"line":175},"8":{"name":"(anonymous_8)","decl":{"start":{"line":184,"column":36},"end":{"line":184,"column":37}},"loc":{"start":{"line":184,"column":42},"end":{"line":188,"column":13}},"line":184},"9":{"name":"(anonymous_9)","decl":{"start":{"line":185,"column":28},"end":{"line":185,"column":29}},"loc":{"start":{"line":185,"column":41},"end":{"line":187,"column":17}},"line":185},"10":{"name":"(anonymous_10)","decl":{"start":{"line":215,"column":32},"end":{"line":215,"column":33}},"loc":{"start":{"line":215,"column":38},"end":{"line":222,"column":17}},"line":215}},"branchMap":{"0":{"loc":{"start":{"line":8,"column":46},"end":{"line":8,"column":97}},"type":"cond-expr","locations":[{"start":{"line":8,"column":64},"end":{"line":8,"column":79}},{"start":{"line":8,"column":82},"end":{"line":8,"column":97}}],"line":8},"1":{"loc":{"start":{"line":24,"column":12},"end":{"line":29,"column":13}},"type":"if","locations":[{"start":{"line":24,"column":12},"end":{"line":29,"column":13}},{"start":{},"end":{}}],"line":24},"2":{"loc":{"start":{"line":25,"column":16},"end":{"line":26,"column":45}},"type":"binary-expr","locations":[{"start":{"line":25,"column":16},"end":{"line":25,"column":48}},{"start":{"line":26,"column":16},"end":{"line":26,"column":45}}],"line":25},"3":{"loc":{"start":{"line":43,"column":8},"end":{"line":54,"column":9}},"type":"if","locations":[{"start":{"line":43,"column":8},"end":{"line":54,"column":9}},{"start":{},"end":{}}],"line":43},"4":{"loc":{"start":{"line":45,"column":12},"end":{"line":47,"column":13}},"type":"if","locations":[{"start":{"line":45,"column":12},"end":{"line":47,"column":13}},{"start":{},"end":{}}],"line":45},"5":{"loc":{"start":{"line":48,"column":12},"end":{"line":50,"column":13}},"type":"if","locations":[{"start":{"line":48,"column":12},"end":{"line":50,"column":13}},{"start":{},"end":{}}],"line":48},"6":{"loc":{"start":{"line":51,"column":12},"end":{"line":53,"column":13}},"type":"if","locations":[{"start":{"line":51,"column":12},"end":{"line":53,"column":13}},{"start":{},"end":{}}],"line":51},"7":{"loc":{"start":{"line":59,"column":8},"end":{"line":170,"column":9}},"type":"if","locations":[{"start":{"line":59,"column":8},"end":{"line":170,"column":9}},{"start":{"line":140,"column":13},"end":{"line":170,"column":9}}],"line":59},"8":{"loc":{"start":{"line":66,"column":12},"end":{"line":138,"column":13}},"type":"if","locations":[{"start":{"line":66,"column":12},"end":{"line":138,"column":13}},{"start":{"line":134,"column":17},"end":{"line":138,"column":13}}],"line":66},"9":{"loc":{"start":{"line":68,"column":16},"end":{"line":131,"column":17}},"type":"if","locations":[{"start":{"line":68,"column":16},"end":{"line":131,"column":17}},{"start":{"line":74,"column":21},"end":{"line":131,"column":17}}],"line":68},"10":{"loc":{"start":{"line":77,"column":20},"end":{"line":93,"column":21}},"type":"if","locations":[{"start":{"line":77,"column":20},"end":{"line":93,"column":21}},{"start":{"line":89,"column":25},"end":{"line":93,"column":21}}],"line":77},"11":{"loc":{"start":{"line":81,"column":28},"end":{"line":86,"column":29}},"type":"if","locations":[{"start":{"line":81,"column":28},"end":{"line":86,"column":29}},{"start":{"line":84,"column":33},"end":{"line":86,"column":29}}],"line":81},"12":{"loc":{"start":{"line":98,"column":24},"end":{"line":129,"column":25}},"type":"if","locations":[{"start":{"line":98,"column":24},"end":{"line":129,"column":25}},{"start":{"line":122,"column":29},"end":{"line":129,"column":25}}],"line":98},"13":{"loc":{"start":{"line":100,"column":28},"end":{"line":119,"column":29}},"type":"if","locations":[{"start":{"line":100,"column":28},"end":{"line":119,"column":29}},{"start":{"line":111,"column":33},"end":{"line":119,"column":29}}],"line":100},"14":{"loc":{"start":{"line":100,"column":32},"end":{"line":100,"column":107}},"type":"binary-expr","locations":[{"start":{"line":100,"column":32},"end":{"line":100,"column":42}},{"start":{"line":100,"column":47},"end":{"line":100,"column":73}},{"start":{"line":100,"column":77},"end":{"line":100,"column":106}}],"line":100},"15":{"loc":{"start":{"line":101,"column":32},"end":{"line":103,"column":33}},"type":"if","locations":[{"start":{"line":101,"column":32},"end":{"line":103,"column":33}},{"start":{},"end":{}}],"line":101},"16":{"loc":{"start":{"line":111,"column":33},"end":{"line":119,"column":29}},"type":"if","locations":[{"start":{"line":111,"column":33},"end":{"line":119,"column":29}},{"start":{},"end":{}}],"line":111},"17":{"loc":{"start":{"line":111,"column":37},"end":{"line":111,"column":112}},"type":"binary-expr","locations":[{"start":{"line":111,"column":37},"end":{"line":111,"column":47}},{"start":{"line":111,"column":52},"end":{"line":111,"column":78}},{"start":{"line":111,"column":82},"end":{"line":111,"column":111}}],"line":111},"18":{"loc":{"start":{"line":112,"column":32},"end":{"line":114,"column":33}},"type":"if","locations":[{"start":{"line":112,"column":32},"end":{"line":114,"column":33}},{"start":{},"end":{}}],"line":112},"19":{"loc":{"start":{"line":123,"column":28},"end":{"line":128,"column":29}},"type":"if","locations":[{"start":{"line":123,"column":28},"end":{"line":128,"column":29}},{"start":{},"end":{}}],"line":123},"20":{"loc":{"start":{"line":123,"column":32},"end":{"line":123,"column":91}},"type":"binary-expr","locations":[{"start":{"line":123,"column":32},"end":{"line":123,"column":58}},{"start":{"line":123,"column":62},"end":{"line":123,"column":91}}],"line":123},"21":{"loc":{"start":{"line":142,"column":12},"end":{"line":144,"column":13}},"type":"if","locations":[{"start":{"line":142,"column":12},"end":{"line":144,"column":13}},{"start":{},"end":{}}],"line":142},"22":{"loc":{"start":{"line":142,"column":16},"end":{"line":142,"column":70}},"type":"binary-expr","locations":[{"start":{"line":142,"column":16},"end":{"line":142,"column":37}},{"start":{"line":142,"column":41},"end":{"line":142,"column":55}},{"start":{"line":142,"column":59},"end":{"line":142,"column":70}}],"line":142},"23":{"loc":{"start":{"line":147,"column":12},"end":{"line":163,"column":13}},"type":"if","locations":[{"start":{"line":147,"column":12},"end":{"line":163,"column":13}},{"start":{},"end":{}}],"line":147},"24":{"loc":{"start":{"line":147,"column":16},"end":{"line":147,"column":53}},"type":"binary-expr","locations":[{"start":{"line":147,"column":16},"end":{"line":147,"column":30}},{"start":{"line":147,"column":34},"end":{"line":147,"column":53}}],"line":147},"25":{"loc":{"start":{"line":148,"column":16},"end":{"line":155,"column":17}},"type":"if","locations":[{"start":{"line":148,"column":16},"end":{"line":155,"column":17}},{"start":{},"end":{}}],"line":148},"26":{"loc":{"start":{"line":148,"column":20},"end":{"line":148,"column":59}},"type":"binary-expr","locations":[{"start":{"line":148,"column":20},"end":{"line":148,"column":34}},{"start":{"line":148,"column":38},"end":{"line":148,"column":59}}],"line":148},"27":{"loc":{"start":{"line":149,"column":20},"end":{"line":154,"column":21}},"type":"if","locations":[{"start":{"line":149,"column":20},"end":{"line":154,"column":21}},{"start":{"line":152,"column":25},"end":{"line":154,"column":21}}],"line":149},"28":{"loc":{"start":{"line":152,"column":25},"end":{"line":154,"column":21}},"type":"if","locations":[{"start":{"line":152,"column":25},"end":{"line":154,"column":21}},{"start":{},"end":{}}],"line":152},"29":{"loc":{"start":{"line":158,"column":20},"end":{"line":158,"column":67}},"type":"if","locations":[{"start":{"line":158,"column":20},"end":{"line":158,"column":67}},{"start":{},"end":{}}],"line":158},"30":{"loc":{"start":{"line":159,"column":20},"end":{"line":159,"column":90}},"type":"if","locations":[{"start":{"line":159,"column":20},"end":{"line":159,"column":90}},{"start":{},"end":{}}],"line":159},"31":{"loc":{"start":{"line":159,"column":24},"end":{"line":159,"column":63}},"type":"binary-expr","locations":[{"start":{"line":159,"column":24},"end":{"line":159,"column":44}},{"start":{"line":159,"column":48},"end":{"line":159,"column":63}}],"line":159},"32":{"loc":{"start":{"line":160,"column":20},"end":{"line":161,"column":46}},"type":"if","locations":[{"start":{"line":160,"column":20},"end":{"line":161,"column":46}},{"start":{"line":161,"column":25},"end":{"line":161,"column":46}}],"line":160},"33":{"loc":{"start":{"line":164,"column":12},"end":{"line":169,"column":13}},"type":"if","locations":[{"start":{"line":164,"column":12},"end":{"line":169,"column":13}},{"start":{},"end":{}}],"line":164},"34":{"loc":{"start":{"line":164,"column":16},"end":{"line":164,"column":80}},"type":"binary-expr","locations":[{"start":{"line":164,"column":16},"end":{"line":164,"column":31}},{"start":{"line":164,"column":35},"end":{"line":164,"column":55}},{"start":{"line":164,"column":59},"end":{"line":164,"column":80}}],"line":164},"35":{"loc":{"start":{"line":176,"column":8},"end":{"line":197,"column":9}},"type":"if","locations":[{"start":{"line":176,"column":8},"end":{"line":197,"column":9}},{"start":{"line":181,"column":15},"end":{"line":197,"column":9}}],"line":176},"36":{"loc":{"start":{"line":189,"column":12},"end":{"line":194,"column":13}},"type":"if","locations":[{"start":{"line":189,"column":12},"end":{"line":194,"column":13}},{"start":{"line":192,"column":17},"end":{"line":194,"column":13}}],"line":189},"37":{"loc":{"start":{"line":195,"column":24},"end":{"line":195,"column":75}},"type":"cond-expr","locations":[{"start":{"line":195,"column":42},"end":{"line":195,"column":57}},{"start":{"line":195,"column":60},"end":{"line":195,"column":75}}],"line":195},"38":{"loc":{"start":{"line":225,"column":21},"end":{"line":228,"column":31}},"type":"binary-expr","locations":[{"start":{"line":225,"column":21},"end":{"line":225,"column":42}},{"start":{"line":226,"column":24},"end":{"line":228,"column":31}}],"line":225},"39":{"loc":{"start":{"line":230,"column":21},"end":{"line":234,"column":31}},"type":"binary-expr","locations":[{"start":{"line":230,"column":21},"end":{"line":230,"column":42}},{"start":{"line":231,"column":24},"end":{"line":234,"column":31}}],"line":230},"40":{"loc":{"start":{"line":236,"column":21},"end":{"line":240,"column":31}},"type":"binary-expr","locations":[{"start":{"line":236,"column":21},"end":{"line":236,"column":41}},{"start":{"line":237,"column":24},"end":{"line":240,"column":31}}],"line":236},"41":{"loc":{"start":{"line":242,"column":21},"end":{"line":245,"column":31}},"type":"binary-expr","locations":[{"start":{"line":242,"column":21},"end":{"line":242,"column":45}},{"start":{"line":243,"column":24},"end":{"line":245,"column":31}}],"line":242}},"s":{"0":1,"1":1,"2":1,"3":1,"4":1,"5":1,"6":1,"7":1,"8":1,"9":1,"10":1,"11":1,"12":1,"13":1,"14":1,"15":1,"16":0,"17":0,"18":0,"19":0,"20":0,"21":1,"22":0,"23":0,"24":0,"25":0,"26":0,"27":0,"28":0,"29":0,"30":1,"31":0,"32":0,"33":0,"34":0,"35":0,"36":0,"37":0,"38":0,"39":0,"40":0,"41":0,"42":0,"43":0,"44":0,"45":0,"46":0,"47":0,"48":0,"49":0,"50":0,"51":0,"52":0,"53":0,"54":0,"55":0,"56":0,"57":0,"58":0,"59":0,"60":0,"61":0,"62":0,"63":0,"64":0,"65":0,"66":0,"67":0,"68":0,"69":0,"70":0,"71":0,"72":0,"73":0,"74":0,"75":0,"76":0,"77":0,"78":0,"79":0,"80":0,"81":0,"82":0,"83":0,"84":0,"85":0,"86":0,"87":0,"88":0,"89":0,"90":0,"91":0,"92":0,"93":0,"94":0,"95":0,"96":0,"97":0,"98":0,"99":0,"100":1,"101":0,"102":0,"103":0,"104":0,"105":0,"106":0,"107":0,"108":0,"109":0,"110":0,"111":0,"112":0,"113":1,"114":0,"115":0,"116":0,"117":0,"118":0,"119":0},"f":{"0":1,"1":1,"2":1,"3":0,"4":0,"5":0,"6":0,"7":0,"8":0,"9":0,"10":0},"b":{"0":[0,1],"1":[0,0],"2":[1,0],"3":[0,0],"4":[0,0],"5":[0,0],"6":[0,0],"7":[0,0],"8":[0,0],"9":[0,0],"10":[0,0],"11":[0,0],"12":[0,0],"13":[0,0],"14":[0,0,0],"15":[0,0],"16":[0,0],"17":[0,0,0],"18":[0,0],"19":[0,0],"20":[0,0],"21":[0,0],"22":[0,0,0],"23":[0,0],"24":[0,0],"25":[0,0],"26":[0,0],"27":[0,0],"28":[0,0],"29":[0,0],"30":[0,0],"31":[0,0],"32":[0,0],"33":[0,0],"34":[0,0,0],"35":[0,0],"36":[0,0],"37":[0,0],"38":[1,0],"39":[1,0],"40":[1,0],"41":[1,0]},"_coverageSchema":"1a1c01bbd47fc00a2c39e90264f33305004495a9","hash":"db7d2f7ad1df8e6ebdb6164c79ca2950e43324cf"}
,"C:\\IntervalTimer\\IntervalTimer\\src\\components\\IncrementDecrementButton.jsx": {"path":"C:\\IntervalTimer\\IntervalTimer\\src\\components\\IncrementDecrementButton.jsx","statementMap":{"0":{"start":{"line":6,"column":34},"end":{"line":68,"column":1}},"1":{"start":{"line":8,"column":44},"end":{"line":8,"column":58}},"2":{"start":{"line":9,"column":46},"end":{"line":9,"column":60}},"3":{"start":{"line":11,"column":24},"end":{"line":13,"column":5}},"4":{"start":{"line":12,"column":8},"end":{"line":12,"column":58}},"5":{"start":{"line":12,"column":33},"end":{"line":12,"column":56}},"6":{"start":{"line":14,"column":25},"end":{"line":18,"column":5}},"7":{"start":{"line":15,"column":8},"end":{"line":17,"column":9}},"8":{"start":{"line":16,"column":12},"end":{"line":16,"column":62}},"9":{"start":{"line":16,"column":37},"end":{"line":16,"column":60}},"10":{"start":{"line":20,"column":30},"end":{"line":22,"column":5}},"11":{"start":{"line":21,"column":8},"end":{"line":21,"column":99}},"12":{"start":{"line":21,"column":42},"end":{"line":21,"column":91}},"13":{"start":{"line":21,"column":67},"end":{"line":21,"column":90}},"14":{"start":{"line":24,"column":31},"end":{"line":27,"column":5}},"15":{"start":{"line":25,"column":8},"end":{"line":25,"column":36}},"16":{"start":{"line":26,"column":8},"end":{"line":26,"column":30}},"17":{"start":{"line":29,"column":31},"end":{"line":42,"column":5}},"18":{"start":{"line":30,"column":8},"end":{"line":41,"column":10}},"19":{"start":{"line":31,"column":12},"end":{"line":39,"column":15}},"20":{"start":{"line":32,"column":16},"end":{"line":38,"column":17}},"21":{"start":{"line":33,"column":20},"end":{"line":33,"column":49}},"22":{"start":{"line":34,"column":20},"end":{"line":34,"column":36}},"23":{"start":{"line":37,"column":20},"end":{"line":37,"column":51}},"24":{"start":{"line":44,"column":32},"end":{"line":47,"column":5}},"25":{"start":{"line":45,"column":8},"end":{"line":45,"column":37}},"26":{"start":{"line":46,"column":8},"end":{"line":46,"column":31}},"27":{"start":{"line":49,"column":4},"end":{"line":67,"column":5}}},"fnMap":{"0":{"name":"(anonymous_0)","decl":{"start":{"line":6,"column":34},"end":{"line":6,"column":35}},"loc":{"start":{"line":6,"column":85},"end":{"line":68,"column":1}},"line":6},"1":{"name":"(anonymous_1)","decl":{"start":{"line":11,"column":24},"end":{"line":11,"column":25}},"loc":{"start":{"line":11,"column":30},"end":{"line":13,"column":5}},"line":11},"2":{"name":"(anonymous_2)","decl":{"start":{"line":12,"column":20},"end":{"line":12,"column":21}},"loc":{"start":{"line":12,"column":33},"end":{"line":12,"column":56}},"line":12},"3":{"name":"(anonymous_3)","decl":{"start":{"line":14,"column":25},"end":{"line":14,"column":26}},"loc":{"start":{"line":14,"column":31},"end":{"line":18,"column":5}},"line":14},"4":{"name":"(anonymous_4)","decl":{"start":{"line":16,"column":24},"end":{"line":16,"column":25}},"loc":{"start":{"line":16,"column":37},"end":{"line":16,"column":60}},"line":16},"5":{"name":"(anonymous_5)","decl":{"start":{"line":20,"column":30},"end":{"line":20,"column":31}},"loc":{"start":{"line":20,"column":36},"end":{"line":22,"column":5}},"line":20},"6":{"name":"(anonymous_6)","decl":{"start":{"line":21,"column":36},"end":{"line":21,"column":37}},"loc":{"start":{"line":21,"column":42},"end":{"line":21,"column":91}},"line":21},"7":{"name":"(anonymous_7)","decl":{"start":{"line":21,"column":54},"end":{"line":21,"column":55}},"loc":{"start":{"line":21,"column":67},"end":{"line":21,"column":90}},"line":21},"8":{"name":"(anonymous_8)","decl":{"start":{"line":24,"column":31},"end":{"line":24,"column":32}},"loc":{"start":{"line":24,"column":37},"end":{"line":27,"column":5}},"line":24},"9":{"name":"(anonymous_9)","decl":{"start":{"line":29,"column":31},"end":{"line":29,"column":32}},"loc":{"start":{"line":29,"column":37},"end":{"line":42,"column":5}},"line":29},"10":{"name":"(anonymous_10)","decl":{"start":{"line":30,"column":37},"end":{"line":30,"column":38}},"loc":{"start":{"line":30,"column":43},"end":{"line":40,"column":9}},"line":30},"11":{"name":"(anonymous_11)","decl":{"start":{"line":31,"column":24},"end":{"line":31,"column":25}},"loc":{"start":{"line":31,"column":37},"end":{"line":39,"column":13}},"line":31},"12":{"name":"(anonymous_12)","decl":{"start":{"line":44,"column":32},"end":{"line":44,"column":33}},"loc":{"start":{"line":44,"column":38},"end":{"line":47,"column":5}},"line":44}},"branchMap":{"0":{"loc":{"start":{"line":15,"column":8},"end":{"line":17,"column":9}},"type":"if","locations":[{"start":{"line":15,"column":8},"end":{"line":17,"column":9}},{"start":{},"end":{}}],"line":15},"1":{"loc":{"start":{"line":32,"column":16},"end":{"line":38,"column":17}},"type":"if","locations":[{"start":{"line":32,"column":16},"end":{"line":38,"column":17}},{"start":{"line":36,"column":21},"end":{"line":38,"column":17}}],"line":32}},"s":{"0":0,"1":0,"2":0,"3":0,"4":0,"5":0,"6":0,"7":0,"8":0,"9":0,"10":0,"11":0,"12":0,"13":0,"14":0,"15":0,"16":0,"17":0,"18":0,"19":0,"20":0,"21":0,"22":0,"23":0,"24":0,"25":0,"26":0,"27":0},"f":{"0":0,"1":0,"2":0,"3":0,"4":0,"5":0,"6":0,"7":0,"8":0,"9":0,"10":0,"11":0,"12":0},"b":{"0":[0,0],"1":[0,0]}}
,"C:\\IntervalTimer\\IntervalTimer\\src\\components\\MinuteSecondPicker.jsx": {"path":"C:\\IntervalTimer\\IntervalTimer\\src\\components\\MinuteSecondPicker.jsx","statementMap":{"0":{"start":{"line":6,"column":27},"end":{"line":59,"column":1}},"1":{"start":{"line":7,"column":20},"end":{"line":7,"column":66}},"2":{"start":{"line":8,"column":20},"end":{"line":9,"column":124}},"3":{"start":{"line":11,"column":32},"end":{"line":11,"column":88}},"4":{"start":{"line":12,"column":32},"end":{"line":12,"column":75}},"5":{"start":{"line":14,"column":4},"end":{"line":16,"column":24}},"6":{"start":{"line":15,"column":8},"end":{"line":15,"column":39}},"7":{"start":{"line":18,"column":4},"end":{"line":58,"column":5}},"8":{"start":{"line":25,"column":50},"end":{"line":25,"column":70}},"9":{"start":{"line":30,"column":28},"end":{"line":35,"column":30}},"10":{"start":{"line":45,"column":50},"end":{"line":45,"column":70}},"11":{"start":{"line":48,"column":24},"end":{"line":53,"column":26}}},"fnMap":{"0":{"name":"(anonymous_0)","decl":{"start":{"line":6,"column":27},"end":{"line":6,"column":28}},"loc":{"start":{"line":6,"column":52},"end":{"line":59,"column":1}},"line":6},"1":{"name":"(anonymous_1)","decl":{"start":{"line":14,"column":14},"end":{"line":14,"column":15}},"loc":{"start":{"line":14,"column":20},"end":{"line":16,"column":5}},"line":14},"2":{"name":"(anonymous_2)","decl":{"start":{"line":25,"column":35},"end":{"line":25,"column":36}},"loc":{"start":{"line":25,"column":50},"end":{"line":25,"column":70}},"line":25},"3":{"name":"(anonymous_3)","decl":{"start":{"line":29,"column":48},"end":{"line":29,"column":49}},"loc":{"start":{"line":30,"column":28},"end":{"line":35,"column":30}},"line":30},"4":{"name":"(anonymous_4)","decl":{"start":{"line":45,"column":35},"end":{"line":45,"column":36}},"loc":{"start":{"line":45,"column":50},"end":{"line":45,"column":70}},"line":45},"5":{"name":"(anonymous_5)","decl":{"start":{"line":47,"column":45},"end":{"line":47,"column":46}},"loc":{"start":{"line":48,"column":24},"end":{"line":53,"column":26}},"line":48}},"branchMap":{},"s":{"0":0,"1":0,"2":0,"3":0,"4":0,"5":0,"6":0,"7":0,"8":0,"9":0,"10":0,"11":0},"f":{"0":0,"1":0,"2":0,"3":0,"4":0,"5":0},"b":{}}
,"C:\\IntervalTimer\\IntervalTimer\\src\\components\\StoreButton.jsx": {"path":"C:\\IntervalTimer\\IntervalTimer\\src\\components\\StoreButton.jsx","statementMap":{"0":{"start":{"line":7,"column":20},"end":{"line":169,"column":1}},"1":{"start":{"line":8,"column":44},"end":{"line":8,"column":59}},"2":{"start":{"line":9,"column":36},"end":{"line":9,"column":50}},"3":{"start":{"line":10,"column":54},"end":{"line":10,"column":69}},"4":{"start":{"line":11,"column":38},"end":{"line":11,"column":52}},"5":{"start":{"line":15,"column":4},"end":{"line":18,"column":27}},"6":{"start":{"line":16,"column":8},"end":{"line":16,"column":27}},"7":{"start":{"line":17,"column":8},"end":{"line":17,"column":26}},"8":{"start":{"line":20,"column":26},"end":{"line":31,"column":5}},"9":{"start":{"line":21,"column":23},"end":{"line":27,"column":9}},"10":{"start":{"line":28,"column":8},"end":{"line":28,"column":44}},"11":{"start":{"line":29,"column":8},"end":{"line":29,"column":47}},"12":{"start":{"line":30,"column":8},"end":{"line":30,"column":33}},"13":{"start":{"line":33,"column":30},"end":{"line":36,"column":5}},"14":{"start":{"line":34,"column":21},"end":{"line":34,"column":47}},"15":{"start":{"line":35,"column":8},"end":{"line":35,"column":58}},"16":{"start":{"line":38,"column":29},"end":{"line":57,"column":5}},"17":{"start":{"line":39,"column":8},"end":{"line":56,"column":10}},"18":{"start":{"line":50,"column":24},"end":{"line":50,"column":47}},"19":{"start":{"line":51,"column":24},"end":{"line":51,"column":60}},"20":{"start":{"line":59,"column":33},"end":{"line":62,"column":5}},"21":{"start":{"line":60,"column":21},"end":{"line":60,"column":47}},"22":{"start":{"line":61,"column":8},"end":{"line":61,"column":61}},"23":{"start":{"line":64,"column":4},"end":{"line":168,"column":6}},"24":{"start":{"line":67,"column":31},"end":{"line":67,"column":52}},"25":{"start":{"line":76,"column":38},"end":{"line":76,"column":60}},"26":{"start":{"line":83,"column":50},"end":{"line":83,"column":77}},"27":{"start":{"line":100,"column":44},"end":{"line":100,"column":68}},"28":{"start":{"line":101,"column":44},"end":{"line":101,"column":71}},"29":{"start":{"line":106,"column":55},"end":{"line":106,"column":82}},"30":{"start":{"line":126,"column":32},"end":{"line":152,"column":33}},"31":{"start":{"line":130,"column":48},"end":{"line":130,"column":85}},"32":{"start":{"line":131,"column":48},"end":{"line":131,"column":83}},"33":{"start":{"line":132,"column":48},"end":{"line":132,"column":85}},"34":{"start":{"line":133,"column":48},"end":{"line":133,"column":81}},"35":{"start":{"line":134,"column":48},"end":{"line":134,"column":70}},"36":{"start":{"line":137,"column":48},"end":{"line":137,"column":76}},"37":{"start":{"line":160,"column":47},"end":{"line":160,"column":73}}},"fnMap":{"0":{"name":"(anonymous_0)","decl":{"start":{"line":7,"column":20},"end":{"line":7,"column":21}},"loc":{"start":{"line":7,"column":138},"end":{"line":169,"column":1}},"line":7},"1":{"name":"(anonymous_1)","decl":{"start":{"line":15,"column":14},"end":{"line":15,"column":15}},"loc":{"start":{"line":15,"column":20},"end":{"line":18,"column":5}},"line":15},"2":{"name":"(anonymous_2)","decl":{"start":{"line":20,"column":26},"end":{"line":20,"column":27}},"loc":{"start":{"line":20,"column":43},"end":{"line":31,"column":5}},"line":20},"3":{"name":"(anonymous_3)","decl":{"start":{"line":33,"column":30},"end":{"line":33,"column":31}},"loc":{"start":{"line":33,"column":42},"end":{"line":36,"column":5}},"line":33},"4":{"name":"(anonymous_4)","decl":{"start":{"line":38,"column":29},"end":{"line":38,"column":30}},"loc":{"start":{"line":38,"column":44},"end":{"line":57,"column":5}},"line":38},"5":{"name":"(anonymous_5)","decl":{"start":{"line":49,"column":29},"end":{"line":49,"column":30}},"loc":{"start":{"line":49,"column":41},"end":{"line":52,"column":21}},"line":49},"6":{"name":"(anonymous_6)","decl":{"start":{"line":59,"column":33},"end":{"line":59,"column":34}},"loc":{"start":{"line":59,"column":45},"end":{"line":62,"column":5}},"line":59},"7":{"name":"(anonymous_7)","decl":{"start":{"line":67,"column":25},"end":{"line":67,"column":26}},"loc":{"start":{"line":67,"column":31},"end":{"line":67,"column":52}},"line":67},"8":{"name":"(anonymous_8)","decl":{"start":{"line":76,"column":32},"end":{"line":76,"column":33}},"loc":{"start":{"line":76,"column":38},"end":{"line":76,"column":60}},"line":76},"9":{"name":"(anonymous_9)","decl":{"start":{"line":83,"column":44},"end":{"line":83,"column":45}},"loc":{"start":{"line":83,"column":50},"end":{"line":83,"column":77}},"line":83},"10":{"name":"(anonymous_10)","decl":{"start":{"line":99,"column":49},"end":{"line":99,"column":50}},"loc":{"start":{"line":99,"column":55},"end":{"line":102,"column":41}},"line":99},"11":{"name":"(anonymous_11)","decl":{"start":{"line":106,"column":49},"end":{"line":106,"column":50}},"loc":{"start":{"line":106,"column":55},"end":{"line":106,"column":82}},"line":106},"12":{"name":"(anonymous_12)","decl":{"start":{"line":125,"column":54},"end":{"line":125,"column":55}},"loc":{"start":{"line":125,"column":71},"end":{"line":153,"column":29}},"line":125},"13":{"name":"(anonymous_13)","decl":{"start":{"line":129,"column":53},"end":{"line":129,"column":54}},"loc":{"start":{"line":129,"column":59},"end":{"line":135,"column":45}},"line":129},"14":{"name":"(anonymous_14)","decl":{"start":{"line":136,"column":57},"end":{"line":136,"column":58}},"loc":{"start":{"line":136,"column":63},"end":{"line":138,"column":45}},"line":136},"15":{"name":"(anonymous_15)","decl":{"start":{"line":160,"column":41},"end":{"line":160,"column":42}},"loc":{"start":{"line":160,"column":47},"end":{"line":160,"column":73}},"line":160}},"branchMap":{"0":{"loc":{"start":{"line":125,"column":29},"end":{"line":153,"column":30}},"type":"binary-expr","locations":[{"start":{"line":125,"column":29},"end":{"line":125,"column":37}},{"start":{"line":125,"column":41},"end":{"line":153,"column":30}}],"line":125}},"s":{"0":0,"1":0,"2":0,"3":0,"4":0,"5":0,"6":0,"7":0,"8":0,"9":0,"10":0,"11":0,"12":0,"13":0,"14":0,"15":0,"16":0,"17":0,"18":0,"19":0,"20":0,"21":0,"22":0,"23":0,"24":0,"25":0,"26":0,"27":0,"28":0,"29":0,"30":0,"31":0,"32":0,"33":0,"34":0,"35":0,"36":0,"37":0},"f":{"0":0,"1":0,"2":0,"3":0,"4":0,"5":0,"6":0,"7":0,"8":0,"9":0,"10":0,"11":0,"12":0,"13":0,"14":0,"15":0},"b":{"0":[0,0]}}
,"C:\\IntervalTimer\\IntervalTimer\\src\\components\\Timer.jsx": {"path":"C:\\IntervalTimer\\IntervalTimer\\src\\components\\Timer.jsx","statementMap":{"0":{"start":{"line":10,"column":14},"end":{"line":64,"column":1}},"1":{"start":{"line":11,"column":44},"end":{"line":11,"column":59}},"2":{"start":{"line":13,"column":22},"end":{"line":13,"column":48}},"3":{"start":{"line":15,"column":4},"end":{"line":63,"column":5}},"4":{"start":{"line":23,"column":24},"end":{"line":23,"column":55}},"5":{"start":{"line":36,"column":47},"end":{"line":36,"column":77}},"6":{"start":{"line":44,"column":35},"end":{"line":44,"column":65}}},"fnMap":{"0":{"name":"(anonymous_0)","decl":{"start":{"line":10,"column":14},"end":{"line":10,"column":15}},"loc":{"start":{"line":10,"column":98},"end":{"line":64,"column":1}},"line":10},"1":{"name":"(anonymous_1)","decl":{"start":{"line":22,"column":36},"end":{"line":22,"column":37}},"loc":{"start":{"line":22,"column":42},"end":{"line":24,"column":21}},"line":22},"2":{"name":"(anonymous_2)","decl":{"start":{"line":36,"column":41},"end":{"line":36,"column":42}},"loc":{"start":{"line":36,"column":47},"end":{"line":36,"column":77}},"line":36},"3":{"name":"(anonymous_3)","decl":{"start":{"line":44,"column":29},"end":{"line":44,"column":30}},"loc":{"start":{"line":44,"column":35},"end":{"line":44,"column":65}},"line":44}},"branchMap":{"0":{"loc":{"start":{"line":19,"column":17},"end":{"line":42,"column":24}},"type":"binary-expr","locations":[{"start":{"line":19,"column":17},"end":{"line":19,"column":27}},{"start":{"line":19,"column":31},"end":{"line":42,"column":24}}],"line":19},"1":{"loc":{"start":{"line":47,"column":25},"end":{"line":47,"column":66}},"type":"cond-expr","locations":[{"start":{"line":47,"column":47},"end":{"line":47,"column":52}},{"start":{"line":47,"column":55},"end":{"line":47,"column":66}}],"line":47}},"s":{"0":0,"1":0,"2":0,"3":0,"4":0,"5":0,"6":0},"f":{"0":0,"1":0,"2":0,"3":0},"b":{"0":[0,0],"1":[0,0]}}
,"C:\\IntervalTimer\\IntervalTimer\\src\\helpers\\helpers.js": {"path":"C:\\IntervalTimer\\IntervalTimer\\src\\helpers\\helpers.js","statementMap":{"0":{"start":{"line":3,"column":16},"end":{"line":117,"column":1}},"1":{"start":{"line":5,"column":8},"end":{"line":12,"column":9}},"2":{"start":{"line":6,"column":28},"end":{"line":6,"column":59}},"3":{"start":{"line":7,"column":12},"end":{"line":7,"column":29}},"4":{"start":{"line":10,"column":28},"end":{"line":10,"column":48}},"5":{"start":{"line":11,"column":12},"end":{"line":11,"column":29}},"6":{"start":{"line":15,"column":22},"end":{"line":15,"column":32}},"7":{"start":{"line":16,"column":22},"end":{"line":16,"column":49}},"8":{"start":{"line":17,"column":20},"end":{"line":17,"column":44}},"9":{"start":{"line":19,"column":8},"end":{"line":19,"column":43}},"10":{"start":{"line":20,"column":8},"end":{"line":27,"column":9}},"11":{"start":{"line":21,"column":30},"end":{"line":21,"column":53}},"12":{"start":{"line":22,"column":12},"end":{"line":22,"column":30}},"13":{"start":{"line":25,"column":30},"end":{"line":25,"column":67}},"14":{"start":{"line":26,"column":12},"end":{"line":26,"column":30}},"15":{"start":{"line":30,"column":8},"end":{"line":39,"column":9}},"16":{"start":{"line":31,"column":12},"end":{"line":31,"column":51}},"17":{"start":{"line":34,"column":12},"end":{"line":34,"column":36}},"18":{"start":{"line":35,"column":12},"end":{"line":38,"column":13}},"19":{"start":{"line":42,"column":8},"end":{"line":52,"column":9}},"20":{"start":{"line":43,"column":28},"end":{"line":43,"column":59}},"21":{"start":{"line":44,"column":12},"end":{"line":44,"column":64}},"22":{"start":{"line":47,"column":12},"end":{"line":47,"column":36}},"23":{"start":{"line":48,"column":12},"end":{"line":51,"column":13}},"24":{"start":{"line":56,"column":8},"end":{"line":65,"column":9}},"25":{"start":{"line":57,"column":12},"end":{"line":57,"column":56}},"26":{"start":{"line":58,"column":12},"end":{"line":58,"column":87}},"27":{"start":{"line":58,"column":59},"end":{"line":58,"column":78}},"28":{"start":{"line":60,"column":12},"end":{"line":60,"column":44}},"29":{"start":{"line":61,"column":12},"end":{"line":64,"column":13}},"30":{"start":{"line":68,"column":8},"end":{"line":77,"column":9}},"31":{"start":{"line":69,"column":12},"end":{"line":69,"column":47}},"32":{"start":{"line":72,"column":12},"end":{"line":72,"column":42}},"33":{"start":{"line":73,"column":12},"end":{"line":76,"column":13}},"34":{"start":{"line":80,"column":8},"end":{"line":89,"column":9}},"35":{"start":{"line":81,"column":12},"end":{"line":81,"column":49}},"36":{"start":{"line":84,"column":12},"end":{"line":84,"column":51}},"37":{"start":{"line":85,"column":12},"end":{"line":88,"column":13}},"38":{"start":{"line":92,"column":8},"end":{"line":101,"column":9}},"39":{"start":{"line":93,"column":12},"end":{"line":93,"column":46}},"40":{"start":{"line":96,"column":12},"end":{"line":96,"column":36}},"41":{"start":{"line":97,"column":12},"end":{"line":100,"column":13}},"42":{"start":{"line":104,"column":19},"end":{"line":104,"column":21}},"43":{"start":{"line":105,"column":8},"end":{"line":115,"column":9}},"44":{"start":{"line":106,"column":12},"end":{"line":106,"column":51}},"45":{"start":{"line":107,"column":12},"end":{"line":107,"column":24}},"46":{"start":{"line":110,"column":12},"end":{"line":110,"column":39}},"47":{"start":{"line":111,"column":12},"end":{"line":114,"column":13}}},"fnMap":{"0":{"name":"(anonymous_0)","decl":{"start":{"line":4,"column":13},"end":{"line":4,"column":14}},"loc":{"start":{"line":4,"column":28},"end":{"line":13,"column":5}},"line":4},"1":{"name":"(anonymous_1)","decl":{"start":{"line":14,"column":17},"end":{"line":14,"column":18}},"loc":{"start":{"line":14,"column":34},"end":{"line":28,"column":5}},"line":14},"2":{"name":"(anonymous_2)","decl":{"start":{"line":29,"column":13},"end":{"line":29,"column":14}},"loc":{"start":{"line":29,"column":41},"end":{"line":40,"column":5}},"line":29},"3":{"name":"(anonymous_3)","decl":{"start":{"line":41,"column":13},"end":{"line":41,"column":14}},"loc":{"start":{"line":41,"column":34},"end":{"line":53,"column":5}},"line":41},"4":{"name":"(anonymous_4)","decl":{"start":{"line":54,"column":22},"end":{"line":54,"column":23}},"loc":{"start":{"line":54,"column":44},"end":{"line":66,"column":5}},"line":54},"5":{"name":"(anonymous_5)","decl":{"start":{"line":58,"column":51},"end":{"line":58,"column":52}},"loc":{"start":{"line":58,"column":59},"end":{"line":58,"column":78}},"line":58},"6":{"name":"(anonymous_6)","decl":{"start":{"line":67,"column":16},"end":{"line":67,"column":17}},"loc":{"start":{"line":67,"column":37},"end":{"line":78,"column":5}},"line":67},"7":{"name":"(anonymous_7)","decl":{"start":{"line":79,"column":25},"end":{"line":79,"column":26}},"loc":{"start":{"line":79,"column":47},"end":{"line":90,"column":5}},"line":79},"8":{"name":"(anonymous_8)","decl":{"start":{"line":91,"column":16},"end":{"line":91,"column":17}},"loc":{"start":{"line":91,"column":37},"end":{"line":102,"column":5}},"line":91},"9":{"name":"(anonymous_9)","decl":{"start":{"line":103,"column":16},"end":{"line":103,"column":17}},"loc":{"start":{"line":103,"column":34},"end":{"line":116,"column":5}},"line":103}},"branchMap":{"0":{"loc":{"start":{"line":5,"column":8},"end":{"line":12,"column":9}},"type":"if","locations":[{"start":{"line":5,"column":8},"end":{"line":12,"column":9}},{"start":{"line":9,"column":13},"end":{"line":12,"column":9}}],"line":5},"1":{"loc":{"start":{"line":20,"column":8},"end":{"line":27,"column":9}},"type":"if","locations":[{"start":{"line":20,"column":8},"end":{"line":27,"column":9}},{"start":{"line":24,"column":13},"end":{"line":27,"column":9}}],"line":20},"2":{"loc":{"start":{"line":44,"column":19},"end":{"line":44,"column":63}},"type":"cond-expr","locations":[{"start":{"line":44,"column":37},"end":{"line":44,"column":56}},{"start":{"line":44,"column":59},"end":{"line":44,"column":63}}],"line":44},"3":{"loc":{"start":{"line":58,"column":19},"end":{"line":58,"column":86}},"type":"cond-expr","locations":[{"start":{"line":58,"column":38},"end":{"line":58,"column":79}},{"start":{"line":58,"column":82},"end":{"line":58,"column":86}}],"line":58}},"s":{"0":1,"1":1,"2":1,"3":1,"4":0,"5":0,"6":1,"7":1,"8":1,"9":1,"10":1,"11":0,"12":0,"13":1,"14":1,"15":0,"16":0,"17":0,"18":0,"19":0,"20":0,"21":0,"22":0,"23":0,"24":0,"25":0,"26":0,"27":0,"28":0,"29":0,"30":0,"31":0,"32":0,"33":0,"34":0,"35":0,"36":0,"37":0,"38":0,"39":0,"40":0,"41":0,"42":0,"43":0,"44":0,"45":0,"46":0,"47":0},"f":{"0":1,"1":1,"2":0,"3":0,"4":0,"5":0,"6":0,"7":0,"8":0,"9":0},"b":{"0":[1,0],"1":[0,1],"2":[0,0],"3":[0,0]},"_coverageSchema":"1a1c01bbd47fc00a2c39e90264f33305004495a9","hash":"bbe98f48ecbe2c66a7a1c22f5c9f5339c56c141e"}
,"C:\\IntervalTimer\\IntervalTimer\\src\\styles\\styles.js": {"path":"C:\\IntervalTimer\\IntervalTimer\\src\\styles\\styles.js","statementMap":{"0":{"start":{"line":4,"column":22},"end":{"line":235,"column":2}}},"fnMap":{},"branchMap":{},"s":{"0":1},"f":{},"b":{},"_coverageSchema":"1a1c01bbd47fc00a2c39e90264f33305004495a9","hash":"86240138edc6bd26c73bcd52b99bfc0865b4df4e"}
}
