{"C:\\IntervalTimer\\IntervalTimer\\App.js": {"path":"C:\\IntervalTimer\\IntervalTimer\\App.js","statementMap":{"0":{"start":{"line":9,"column":12},"end":{"line":105,"column":1}},"1":{"start":{"line":10,"column":40},"end":{"line":10,"column":51}},"2":{"start":{"line":11,"column":38},"end":{"line":11,"column":49}},"3":{"start":{"line":12,"column":40},"end":{"line":12,"column":51}},"4":{"start":{"line":13,"column":36},"end":{"line":13,"column":47}},"5":{"start":{"line":15,"column":21},"end":{"line":15,"column":75}},"6":{"start":{"line":16,"column":20},"end":{"line":16,"column":53}},"7":{"start":{"line":18,"column":2},"end":{"line":104,"column":4}}},"fnMap":{"0":{"name":"(anonymous_0)","decl":{"start":{"line":9,"column":12},"end":{"line":9,"column":13}},"loc":{"start":{"line":9,"column":18},"end":{"line":105,"column":1}},"line":9}},"branchMap":{"0":{"loc":{"start":{"line":29,"column":58},"end":{"line":29,"column":96}},"type":"cond-expr","locations":[{"start":{"line":29,"column":76},"end":{"line":29,"column":87}},{"start":{"line":29,"column":90},"end":{"line":29,"column":96}}],"line":29}},"s":{"0":0,"1":0,"2":0,"3":0,"4":0,"5":0,"6":0,"7":0},"f":{"0":0},"b":{"0":[0,0]}}
,"C:\\IntervalTimer\\IntervalTimer\\src\\components\\FightClock.jsx": {"path":"C:\\IntervalTimer\\IntervalTimer\\src\\components\\FightClock.jsx","statementMap":{"0":{"start":{"line":7,"column":19},"end":{"line":257,"column":1}},"1":{"start":{"line":8,"column":36},"end":{"line":8,"column":99}},"2":{"start":{"line":9,"column":32},"end":{"line":9,"column":43}},"3":{"start":{"line":10,"column":36},"end":{"line":10,"column":50}},"4":{"start":{"line":11,"column":44},"end":{"line":11,"column":59}},"5":{"start":{"line":12,"column":28},"end":{"line":12,"column":43}},"6":{"start":{"line":13,"column":30},"end":{"line":13,"column":45}},"7":{"start":{"line":14,"column":36},"end":{"line":14,"column":51}},"8":{"start":{"line":15,"column":36},"end":{"line":15,"column":50}},"9":{"start":{"line":16,"column":38},"end":{"line":16,"column":52}},"10":{"start":{"line":17,"column":46},"end":{"line":17,"column":61}},"11":{"start":{"line":18,"column":21},"end":{"line":18,"column":50}},"12":{"start":{"line":19,"column":50},"end":{"line":19,"column":76}},"13":{"start":{"line":21,"column":24},"end":{"line":21,"column":92}},"14":{"start":{"line":22,"column":22},"end":{"line":22,"column":51}},"15":{"start":{"line":24,"column":4},"end":{"line":41,"column":11}},"16":{"start":{"line":25,"column":29},"end":{"line":36,"column":10}},"17":{"start":{"line":26,"column":12},"end":{"line":31,"column":13}},"18":{"start":{"line":30,"column":16},"end":{"line":30,"column":39}},"19":{"start":{"line":33,"column":12},"end":{"line":33,"column":44}},"20":{"start":{"line":34,"column":12},"end":{"line":34,"column":49}},"21":{"start":{"line":38,"column":8},"end":{"line":40,"column":10}},"22":{"start":{"line":39,"column":12},"end":{"line":39,"column":34}},"23":{"start":{"line":43,"column":4},"end":{"line":53,"column":15}},"24":{"start":{"line":44,"column":8},"end":{"line":51,"column":9}},"25":{"start":{"line":46,"column":12},"end":{"line":50,"column":13}},"26":{"start":{"line":47,"column":16},"end":{"line":47,"column":79}},"27":{"start":{"line":49,"column":16},"end":{"line":49,"column":45}},"28":{"start":{"line":52,"column":8},"end":{"line":52,"column":31}},"29":{"start":{"line":55,"column":4},"end":{"line":65,"column":17}},"30":{"start":{"line":56,"column":8},"end":{"line":63,"column":9}},"31":{"start":{"line":58,"column":12},"end":{"line":62,"column":13}},"32":{"start":{"line":59,"column":16},"end":{"line":59,"column":45}},"33":{"start":{"line":61,"column":16},"end":{"line":61,"column":44}},"34":{"start":{"line":64,"column":8},"end":{"line":64,"column":31}},"35":{"start":{"line":67,"column":4},"end":{"line":75,"column":17}},"36":{"start":{"line":68,"column":8},"end":{"line":73,"column":9}},"37":{"start":{"line":70,"column":12},"end":{"line":72,"column":13}},"38":{"start":{"line":71,"column":16},"end":{"line":71,"column":45}},"39":{"start":{"line":74,"column":8},"end":{"line":74,"column":31}},"40":{"start":{"line":79,"column":4},"end":{"line":177,"column":19}},"41":{"start":{"line":80,"column":8},"end":{"line":175,"column":9}},"42":{"start":{"line":81,"column":12},"end":{"line":81,"column":34}},"43":{"start":{"line":83,"column":32},"end":{"line":83,"column":75}},"44":{"start":{"line":84,"column":34},"end":{"line":84,"column":61}},"45":{"start":{"line":86,"column":12},"end":{"line":150,"column":13}},"46":{"start":{"line":88,"column":16},"end":{"line":143,"column":17}},"47":{"start":{"line":89,"column":20},"end":{"line":89,"column":59}},"48":{"start":{"line":93,"column":20},"end":{"line":93,"column":36}},"49":{"start":{"line":95,"column":37},"end":{"line":95,"column":50}},"50":{"start":{"line":96,"column":20},"end":{"line":112,"column":21}},"51":{"start":{"line":97,"column":24},"end":{"line":106,"column":25}},"52":{"start":{"line":97,"column":37},"end":{"line":97,"column":38}},"53":{"start":{"line":98,"column":40},"end":{"line":98,"column":92}},"54":{"start":{"line":99,"column":40},"end":{"line":99,"column":86}},"55":{"start":{"line":100,"column":28},"end":{"line":105,"column":29}},"56":{"start":{"line":101,"column":32},"end":{"line":101,"column":57}},"57":{"start":{"line":104,"column":32},"end":{"line":104,"column":51}},"58":{"start":{"line":109,"column":24},"end":{"line":111,"column":25}},"59":{"start":{"line":109,"column":37},"end":{"line":109,"column":38}},"60":{"start":{"line":110,"column":28},"end":{"line":110,"column":72}},"61":{"start":{"line":115,"column":20},"end":{"line":142,"column":21}},"62":{"start":{"line":115,"column":33},"end":{"line":115,"column":34}},"63":{"start":{"line":117,"column":24},"end":{"line":141,"column":25}},"64":{"start":{"line":119,"column":28},"end":{"line":131,"column":29}},"65":{"start":{"line":120,"column":32},"end":{"line":120,"column":67}},"66":{"start":{"line":121,"column":32},"end":{"line":121,"column":47}},"67":{"start":{"line":122,"column":32},"end":{"line":122,"column":75}},"68":{"start":{"line":126,"column":33},"end":{"line":131,"column":29}},"69":{"start":{"line":127,"column":32},"end":{"line":127,"column":65}},"70":{"start":{"line":128,"column":32},"end":{"line":128,"column":46}},"71":{"start":{"line":129,"column":32},"end":{"line":129,"column":75}},"72":{"start":{"line":135,"column":28},"end":{"line":140,"column":29}},"73":{"start":{"line":136,"column":32},"end":{"line":136,"column":49}},"74":{"start":{"line":137,"column":32},"end":{"line":137,"column":75}},"75":{"start":{"line":147,"column":16},"end":{"line":147,"column":40}},"76":{"start":{"line":148,"column":16},"end":{"line":148,"column":34}},"77":{"start":{"line":149,"column":16},"end":{"line":149,"column":33}},"78":{"start":{"line":151,"column":12},"end":{"line":151,"column":35}},"79":{"start":{"line":154,"column":12},"end":{"line":156,"column":13}},"80":{"start":{"line":155,"column":16},"end":{"line":155,"column":31}},"81":{"start":{"line":157,"column":12},"end":{"line":168,"column":13}},"82":{"start":{"line":158,"column":16},"end":{"line":160,"column":17}},"83":{"start":{"line":159,"column":20},"end":{"line":159,"column":35}},"84":{"start":{"line":162,"column":16},"end":{"line":167,"column":19}},"85":{"start":{"line":163,"column":20},"end":{"line":163,"column":51}},"86":{"start":{"line":163,"column":33},"end":{"line":163,"column":49}},"87":{"start":{"line":164,"column":20},"end":{"line":164,"column":74}},"88":{"start":{"line":164,"column":51},"end":{"line":164,"column":72}},"89":{"start":{"line":165,"column":20},"end":{"line":166,"column":46}},"90":{"start":{"line":165,"column":44},"end":{"line":165,"column":65}},"91":{"start":{"line":166,"column":27},"end":{"line":166,"column":44}},"92":{"start":{"line":169,"column":12},"end":{"line":174,"column":13}},"93":{"start":{"line":170,"column":16},"end":{"line":170,"column":40}},"94":{"start":{"line":171,"column":16},"end":{"line":171,"column":34}},"95":{"start":{"line":172,"column":16},"end":{"line":172,"column":34}},"96":{"start":{"line":173,"column":16},"end":{"line":173,"column":35}},"97":{"start":{"line":176,"column":8},"end":{"line":176,"column":26}},"98":{"start":{"line":179,"column":26},"end":{"line":204,"column":5}},"99":{"start":{"line":180,"column":8},"end":{"line":203,"column":9}},"100":{"start":{"line":181,"column":12},"end":{"line":184,"column":13}},"101":{"start":{"line":186,"column":12},"end":{"line":186,"column":37}},"102":{"start":{"line":187,"column":12},"end":{"line":187,"column":34}},"103":{"start":{"line":188,"column":12},"end":{"line":192,"column":22}},"104":{"start":{"line":189,"column":16},"end":{"line":191,"column":19}},"105":{"start":{"line":190,"column":20},"end":{"line":190,"column":41}},"106":{"start":{"line":193,"column":12},"end":{"line":198,"column":13}},"107":{"start":{"line":194,"column":16},"end":{"line":194,"column":30}},"108":{"start":{"line":197,"column":16},"end":{"line":197,"column":31}},"109":{"start":{"line":199,"column":12},"end":{"line":199,"column":77}},"110":{"start":{"line":200,"column":12},"end":{"line":200,"column":25}},"111":{"start":{"line":201,"column":12},"end":{"line":201,"column":27}},"112":{"start":{"line":202,"column":12},"end":{"line":202,"column":31}},"113":{"start":{"line":206,"column":4},"end":{"line":256,"column":5}},"114":{"start":{"line":222,"column":20},"end":{"line":222,"column":43}},"115":{"start":{"line":223,"column":20},"end":{"line":223,"column":44}},"116":{"start":{"line":224,"column":20},"end":{"line":224,"column":38}},"117":{"start":{"line":225,"column":20},"end":{"line":225,"column":39}},"118":{"start":{"line":226,"column":20},"end":{"line":226,"column":44}},"119":{"start":{"line":227,"column":20},"end":{"line":227,"column":38}}},"fnMap":{"0":{"name":"(anonymous_0)","decl":{"start":{"line":7,"column":19},"end":{"line":7,"column":20}},"loc":{"start":{"line":7,"column":76},"end":{"line":257,"column":1}},"line":7},"1":{"name":"(anonymous_1)","decl":{"start":{"line":24,"column":14},"end":{"line":24,"column":15}},"loc":{"start":{"line":24,"column":20},"end":{"line":41,"column":5}},"line":24},"2":{"name":"(anonymous_2)","decl":{"start":{"line":25,"column":65},"end":{"line":25,"column":66}},"loc":{"start":{"line":25,"column":81},"end":{"line":36,"column":9}},"line":25},"3":{"name":"(anonymous_3)","decl":{"start":{"line":38,"column":15},"end":{"line":38,"column":16}},"loc":{"start":{"line":38,"column":21},"end":{"line":40,"column":9}},"line":38},"4":{"name":"(anonymous_4)","decl":{"start":{"line":43,"column":14},"end":{"line":43,"column":15}},"loc":{"start":{"line":43,"column":20},"end":{"line":53,"column":5}},"line":43},"5":{"name":"(anonymous_5)","decl":{"start":{"line":55,"column":14},"end":{"line":55,"column":15}},"loc":{"start":{"line":55,"column":20},"end":{"line":65,"column":5}},"line":55},"6":{"name":"(anonymous_6)","decl":{"start":{"line":67,"column":14},"end":{"line":67,"column":15}},"loc":{"start":{"line":67,"column":20},"end":{"line":75,"column":5}},"line":67},"7":{"name":"(anonymous_7)","decl":{"start":{"line":79,"column":14},"end":{"line":79,"column":15}},"loc":{"start":{"line":79,"column":20},"end":{"line":177,"column":5}},"line":79},"8":{"name":"(anonymous_8)","decl":{"start":{"line":162,"column":26},"end":{"line":162,"column":27}},"loc":{"start":{"line":162,"column":39},"end":{"line":167,"column":17}},"line":162},"9":{"name":"(anonymous_9)","decl":{"start":{"line":179,"column":26},"end":{"line":179,"column":27}},"loc":{"start":{"line":179,"column":32},"end":{"line":204,"column":5}},"line":179},"10":{"name":"(anonymous_10)","decl":{"start":{"line":188,"column":36},"end":{"line":188,"column":37}},"loc":{"start":{"line":188,"column":42},"end":{"line":192,"column":13}},"line":188},"11":{"name":"(anonymous_11)","decl":{"start":{"line":189,"column":28},"end":{"line":189,"column":29}},"loc":{"start":{"line":189,"column":41},"end":{"line":191,"column":17}},"line":189},"12":{"name":"(anonymous_12)","decl":{"start":{"line":221,"column":32},"end":{"line":221,"column":33}},"loc":{"start":{"line":221,"column":38},"end":{"line":228,"column":17}},"line":221}},"branchMap":{"0":{"loc":{"start":{"line":8,"column":46},"end":{"line":8,"column":97}},"type":"cond-expr","locations":[{"start":{"line":8,"column":64},"end":{"line":8,"column":79}},{"start":{"line":8,"column":82},"end":{"line":8,"column":97}}],"line":8},"1":{"loc":{"start":{"line":26,"column":12},"end":{"line":31,"column":13}},"type":"if","locations":[{"start":{"line":26,"column":12},"end":{"line":31,"column":13}},{"start":{},"end":{}}],"line":26},"2":{"loc":{"start":{"line":27,"column":16},"end":{"line":28,"column":45}},"type":"binary-expr","locations":[{"start":{"line":27,"column":16},"end":{"line":27,"column":48}},{"start":{"line":28,"column":16},"end":{"line":28,"column":45}}],"line":27},"3":{"loc":{"start":{"line":44,"column":8},"end":{"line":51,"column":9}},"type":"if","locations":[{"start":{"line":44,"column":8},"end":{"line":51,"column":9}},{"start":{},"end":{}}],"line":44},"4":{"loc":{"start":{"line":46,"column":12},"end":{"line":50,"column":13}},"type":"if","locations":[{"start":{"line":46,"column":12},"end":{"line":50,"column":13}},{"start":{"line":48,"column":19},"end":{"line":50,"column":13}}],"line":46},"5":{"loc":{"start":{"line":47,"column":28},"end":{"line":47,"column":77}},"type":"cond-expr","locations":[{"start":{"line":47,"column":45},"end":{"line":47,"column":59}},{"start":{"line":47,"column":62},"end":{"line":47,"column":77}}],"line":47},"6":{"loc":{"start":{"line":56,"column":8},"end":{"line":63,"column":9}},"type":"if","locations":[{"start":{"line":56,"column":8},"end":{"line":63,"column":9}},{"start":{},"end":{}}],"line":56},"7":{"loc":{"start":{"line":58,"column":12},"end":{"line":62,"column":13}},"type":"if","locations":[{"start":{"line":58,"column":12},"end":{"line":62,"column":13}},{"start":{"line":60,"column":19},"end":{"line":62,"column":13}}],"line":58},"8":{"loc":{"start":{"line":68,"column":8},"end":{"line":73,"column":9}},"type":"if","locations":[{"start":{"line":68,"column":8},"end":{"line":73,"column":9}},{"start":{},"end":{}}],"line":68},"9":{"loc":{"start":{"line":70,"column":12},"end":{"line":72,"column":13}},"type":"if","locations":[{"start":{"line":70,"column":12},"end":{"line":72,"column":13}},{"start":{},"end":{}}],"line":70},"10":{"loc":{"start":{"line":70,"column":16},"end":{"line":70,"column":31}},"type":"binary-expr","locations":[{"start":{"line":70,"column":16},"end":{"line":70,"column":21}},{"start":{"line":70,"column":25},"end":{"line":70,"column":31}}],"line":70},"11":{"loc":{"start":{"line":80,"column":8},"end":{"line":175,"column":9}},"type":"if","locations":[{"start":{"line":80,"column":8},"end":{"line":175,"column":9}},{"start":{"line":153,"column":13},"end":{"line":175,"column":9}}],"line":80},"12":{"loc":{"start":{"line":86,"column":12},"end":{"line":150,"column":13}},"type":"if","locations":[{"start":{"line":86,"column":12},"end":{"line":150,"column":13}},{"start":{"line":146,"column":17},"end":{"line":150,"column":13}}],"line":86},"13":{"loc":{"start":{"line":88,"column":16},"end":{"line":143,"column":17}},"type":"if","locations":[{"start":{"line":88,"column":16},"end":{"line":143,"column":17}},{"start":{"line":92,"column":21},"end":{"line":143,"column":17}}],"line":88},"14":{"loc":{"start":{"line":96,"column":20},"end":{"line":112,"column":21}},"type":"if","locations":[{"start":{"line":96,"column":20},"end":{"line":112,"column":21}},{"start":{"line":108,"column":25},"end":{"line":112,"column":21}}],"line":96},"15":{"loc":{"start":{"line":100,"column":28},"end":{"line":105,"column":29}},"type":"if","locations":[{"start":{"line":100,"column":28},"end":{"line":105,"column":29}},{"start":{"line":103,"column":33},"end":{"line":105,"column":29}}],"line":100},"16":{"loc":{"start":{"line":117,"column":24},"end":{"line":141,"column":25}},"type":"if","locations":[{"start":{"line":117,"column":24},"end":{"line":141,"column":25}},{"start":{"line":134,"column":29},"end":{"line":141,"column":25}}],"line":117},"17":{"loc":{"start":{"line":119,"column":28},"end":{"line":131,"column":29}},"type":"if","locations":[{"start":{"line":119,"column":28},"end":{"line":131,"column":29}},{"start":{"line":126,"column":33},"end":{"line":131,"column":29}}],"line":119},"18":{"loc":{"start":{"line":119,"column":32},"end":{"line":119,"column":107}},"type":"binary-expr","locations":[{"start":{"line":119,"column":32},"end":{"line":119,"column":42}},{"start":{"line":119,"column":47},"end":{"line":119,"column":73}},{"start":{"line":119,"column":77},"end":{"line":119,"column":106}}],"line":119},"19":{"loc":{"start":{"line":126,"column":33},"end":{"line":131,"column":29}},"type":"if","locations":[{"start":{"line":126,"column":33},"end":{"line":131,"column":29}},{"start":{},"end":{}}],"line":126},"20":{"loc":{"start":{"line":126,"column":37},"end":{"line":126,"column":112}},"type":"binary-expr","locations":[{"start":{"line":126,"column":37},"end":{"line":126,"column":47}},{"start":{"line":126,"column":52},"end":{"line":126,"column":78}},{"start":{"line":126,"column":82},"end":{"line":126,"column":111}}],"line":126},"21":{"loc":{"start":{"line":135,"column":28},"end":{"line":140,"column":29}},"type":"if","locations":[{"start":{"line":135,"column":28},"end":{"line":140,"column":29}},{"start":{},"end":{}}],"line":135},"22":{"loc":{"start":{"line":135,"column":32},"end":{"line":135,"column":91}},"type":"binary-expr","locations":[{"start":{"line":135,"column":32},"end":{"line":135,"column":58}},{"start":{"line":135,"column":62},"end":{"line":135,"column":91}}],"line":135},"23":{"loc":{"start":{"line":154,"column":12},"end":{"line":156,"column":13}},"type":"if","locations":[{"start":{"line":154,"column":12},"end":{"line":156,"column":13}},{"start":{},"end":{}}],"line":154},"24":{"loc":{"start":{"line":154,"column":16},"end":{"line":154,"column":54}},"type":"binary-expr","locations":[{"start":{"line":154,"column":16},"end":{"line":154,"column":21}},{"start":{"line":154,"column":25},"end":{"line":154,"column":39}},{"start":{"line":154,"column":43},"end":{"line":154,"column":54}}],"line":154},"25":{"loc":{"start":{"line":157,"column":12},"end":{"line":168,"column":13}},"type":"if","locations":[{"start":{"line":157,"column":12},"end":{"line":168,"column":13}},{"start":{},"end":{}}],"line":157},"26":{"loc":{"start":{"line":157,"column":16},"end":{"line":157,"column":53}},"type":"binary-expr","locations":[{"start":{"line":157,"column":16},"end":{"line":157,"column":30}},{"start":{"line":157,"column":34},"end":{"line":157,"column":53}}],"line":157},"27":{"loc":{"start":{"line":158,"column":16},"end":{"line":160,"column":17}},"type":"if","locations":[{"start":{"line":158,"column":16},"end":{"line":160,"column":17}},{"start":{},"end":{}}],"line":158},"28":{"loc":{"start":{"line":158,"column":20},"end":{"line":158,"column":52}},"type":"binary-expr","locations":[{"start":{"line":158,"column":20},"end":{"line":158,"column":34}},{"start":{"line":158,"column":38},"end":{"line":158,"column":52}}],"line":158},"29":{"loc":{"start":{"line":163,"column":20},"end":{"line":163,"column":51}},"type":"if","locations":[{"start":{"line":163,"column":20},"end":{"line":163,"column":51}},{"start":{},"end":{}}],"line":163},"30":{"loc":{"start":{"line":164,"column":20},"end":{"line":164,"column":74}},"type":"if","locations":[{"start":{"line":164,"column":20},"end":{"line":164,"column":74}},{"start":{},"end":{}}],"line":164},"31":{"loc":{"start":{"line":164,"column":24},"end":{"line":164,"column":47}},"type":"binary-expr","locations":[{"start":{"line":164,"column":24},"end":{"line":164,"column":28}},{"start":{"line":164,"column":32},"end":{"line":164,"column":47}}],"line":164},"32":{"loc":{"start":{"line":165,"column":20},"end":{"line":166,"column":46}},"type":"if","locations":[{"start":{"line":165,"column":20},"end":{"line":166,"column":46}},{"start":{"line":166,"column":25},"end":{"line":166,"column":46}}],"line":165},"33":{"loc":{"start":{"line":169,"column":12},"end":{"line":174,"column":13}},"type":"if","locations":[{"start":{"line":169,"column":12},"end":{"line":174,"column":13}},{"start":{},"end":{}}],"line":169},"34":{"loc":{"start":{"line":169,"column":16},"end":{"line":169,"column":65}},"type":"binary-expr","locations":[{"start":{"line":169,"column":16},"end":{"line":169,"column":31}},{"start":{"line":169,"column":35},"end":{"line":169,"column":55}},{"start":{"line":169,"column":59},"end":{"line":169,"column":65}}],"line":169},"35":{"loc":{"start":{"line":180,"column":8},"end":{"line":203,"column":9}},"type":"if","locations":[{"start":{"line":180,"column":8},"end":{"line":203,"column":9}},{"start":{"line":185,"column":15},"end":{"line":203,"column":9}}],"line":180},"36":{"loc":{"start":{"line":193,"column":12},"end":{"line":198,"column":13}},"type":"if","locations":[{"start":{"line":193,"column":12},"end":{"line":198,"column":13}},{"start":{"line":196,"column":17},"end":{"line":198,"column":13}}],"line":193},"37":{"loc":{"start":{"line":199,"column":24},"end":{"line":199,"column":75}},"type":"cond-expr","locations":[{"start":{"line":199,"column":42},"end":{"line":199,"column":57}},{"start":{"line":199,"column":60},"end":{"line":199,"column":75}}],"line":199},"38":{"loc":{"start":{"line":231,"column":21},"end":{"line":234,"column":31}},"type":"binary-expr","locations":[{"start":{"line":231,"column":21},"end":{"line":231,"column":30}},{"start":{"line":231,"column":34},"end":{"line":231,"column":39}},{"start":{"line":232,"column":24},"end":{"line":234,"column":31}}],"line":231},"39":{"loc":{"start":{"line":236,"column":21},"end":{"line":240,"column":31}},"type":"binary-expr","locations":[{"start":{"line":236,"column":21},"end":{"line":236,"column":30}},{"start":{"line":236,"column":34},"end":{"line":236,"column":39}},{"start":{"line":236,"column":43},"end":{"line":236,"column":49}},{"start":{"line":237,"column":24},"end":{"line":240,"column":31}}],"line":236},"40":{"loc":{"start":{"line":242,"column":21},"end":{"line":246,"column":31}},"type":"binary-expr","locations":[{"start":{"line":242,"column":21},"end":{"line":242,"column":30}},{"start":{"line":242,"column":34},"end":{"line":242,"column":38}},{"start":{"line":242,"column":42},"end":{"line":242,"column":48}},{"start":{"line":243,"column":24},"end":{"line":246,"column":31}}],"line":242},"41":{"loc":{"start":{"line":248,"column":21},"end":{"line":251,"column":31}},"type":"binary-expr","locations":[{"start":{"line":248,"column":21},"end":{"line":248,"column":29}},{"start":{"line":249,"column":24},"end":{"line":251,"column":31}}],"line":248}},"s":{"0":1,"1":220,"2":220,"3":220,"4":220,"5":220,"6":220,"7":220,"8":220,"9":220,"10":220,"11":220,"12":220,"13":220,"14":220,"15":220,"16":8,"17":0,"18":0,"19":0,"20":0,"21":8,"22":8,"23":220,"24":12,"25":12,"26":2,"27":10,"28":12,"29":220,"30":16,"31":16,"32":12,"33":4,"34":16,"35":220,"36":12,"37":12,"38":12,"39":12,"40":220,"41":108,"42":0,"43":0,"44":0,"45":0,"46":0,"47":0,"48":0,"49":0,"50":0,"51":0,"52":0,"53":0,"54":0,"55":0,"56":0,"57":0,"58":0,"59":0,"60":0,"61":0,"62":0,"63":0,"64":0,"65":0,"66":0,"67":0,"68":0,"69":0,"70":0,"71":0,"72":0,"73":0,"74":0,"75":0,"76":0,"77":0,"78":0,"79":108,"80":4,"81":108,"82":8,"83":4,"84":8,"85":8,"86":2,"87":6,"88":2,"89":4,"90":2,"91":2,"92":108,"93":8,"94":8,"95":8,"96":8,"97":108,"98":220,"99":8,"100":0,"101":8,"102":8,"103":8,"104":90,"105":90,"106":8,"107":4,"108":4,"109":8,"110":8,"111":8,"112":8,"113":220,"114":0,"115":0,"116":0,"117":0,"118":0,"119":0},"f":{"0":220,"1":8,"2":0,"3":8,"4":12,"5":16,"6":12,"7":108,"8":8,"9":8,"10":90,"11":90,"12":0},"b":{"0":[136,84],"1":[0,0],"2":[0,0],"3":[12,0],"4":[2,10],"5":[2,0],"6":[16,0],"7":[12,4],"8":[12,0],"9":[12,0],"10":[12,12],"11":[0,108],"12":[0,0],"13":[0,0],"14":[0,0],"15":[0,0],"16":[0,0],"17":[0,0],"18":[0,0,0],"19":[0,0],"20":[0,0,0],"21":[0,0],"22":[0,0],"23":[4,104],"24":[108,20,4],"25":[8,100],"26":[108,18],"27":[4,4],"28":[8,5],"29":[2,6],"30":[2,4],"31":[6,2],"32":[2,2],"33":[8,100],"34":[108,18,10],"35":[0,8],"36":[4,4],"37":[4,4],"38":[220,212,44],"39":[220,212,188,144],"40":[220,212,24,24],"41":[220,8]},"_coverageSchema":"1a1c01bbd47fc00a2c39e90264f33305004495a9","hash":"ab88daf8e74da1b062f9f8f1ea71859f789e7094"}
,"C:\\IntervalTimer\\IntervalTimer\\src\\components\\IncrementDecrementButton.jsx": {"path":"C:\\IntervalTimer\\IntervalTimer\\src\\components\\IncrementDecrementButton.jsx","statementMap":{"0":{"start":{"line":6,"column":34},"end":{"line":68,"column":1}},"1":{"start":{"line":8,"column":44},"end":{"line":8,"column":58}},"2":{"start":{"line":9,"column":46},"end":{"line":9,"column":60}},"3":{"start":{"line":11,"column":24},"end":{"line":13,"column":5}},"4":{"start":{"line":12,"column":8},"end":{"line":12,"column":58}},"5":{"start":{"line":12,"column":33},"end":{"line":12,"column":56}},"6":{"start":{"line":14,"column":25},"end":{"line":18,"column":5}},"7":{"start":{"line":15,"column":8},"end":{"line":17,"column":9}},"8":{"start":{"line":16,"column":12},"end":{"line":16,"column":62}},"9":{"start":{"line":16,"column":37},"end":{"line":16,"column":60}},"10":{"start":{"line":20,"column":30},"end":{"line":22,"column":5}},"11":{"start":{"line":21,"column":8},"end":{"line":21,"column":99}},"12":{"start":{"line":21,"column":42},"end":{"line":21,"column":91}},"13":{"start":{"line":21,"column":67},"end":{"line":21,"column":90}},"14":{"start":{"line":24,"column":31},"end":{"line":27,"column":5}},"15":{"start":{"line":25,"column":8},"end":{"line":25,"column":36}},"16":{"start":{"line":26,"column":8},"end":{"line":26,"column":30}},"17":{"start":{"line":29,"column":31},"end":{"line":42,"column":5}},"18":{"start":{"line":30,"column":8},"end":{"line":41,"column":10}},"19":{"start":{"line":31,"column":12},"end":{"line":39,"column":15}},"20":{"start":{"line":32,"column":16},"end":{"line":38,"column":17}},"21":{"start":{"line":33,"column":20},"end":{"line":33,"column":49}},"22":{"start":{"line":34,"column":20},"end":{"line":34,"column":36}},"23":{"start":{"line":37,"column":20},"end":{"line":37,"column":51}},"24":{"start":{"line":44,"column":32},"end":{"line":47,"column":5}},"25":{"start":{"line":45,"column":8},"end":{"line":45,"column":37}},"26":{"start":{"line":46,"column":8},"end":{"line":46,"column":31}},"27":{"start":{"line":49,"column":4},"end":{"line":67,"column":5}}},"fnMap":{"0":{"name":"(anonymous_0)","decl":{"start":{"line":6,"column":34},"end":{"line":6,"column":35}},"loc":{"start":{"line":6,"column":85},"end":{"line":68,"column":1}},"line":6},"1":{"name":"(anonymous_1)","decl":{"start":{"line":11,"column":24},"end":{"line":11,"column":25}},"loc":{"start":{"line":11,"column":30},"end":{"line":13,"column":5}},"line":11},"2":{"name":"(anonymous_2)","decl":{"start":{"line":12,"column":20},"end":{"line":12,"column":21}},"loc":{"start":{"line":12,"column":33},"end":{"line":12,"column":56}},"line":12},"3":{"name":"(anonymous_3)","decl":{"start":{"line":14,"column":25},"end":{"line":14,"column":26}},"loc":{"start":{"line":14,"column":31},"end":{"line":18,"column":5}},"line":14},"4":{"name":"(anonymous_4)","decl":{"start":{"line":16,"column":24},"end":{"line":16,"column":25}},"loc":{"start":{"line":16,"column":37},"end":{"line":16,"column":60}},"line":16},"5":{"name":"(anonymous_5)","decl":{"start":{"line":20,"column":30},"end":{"line":20,"column":31}},"loc":{"start":{"line":20,"column":36},"end":{"line":22,"column":5}},"line":20},"6":{"name":"(anonymous_6)","decl":{"start":{"line":21,"column":36},"end":{"line":21,"column":37}},"loc":{"start":{"line":21,"column":42},"end":{"line":21,"column":91}},"line":21},"7":{"name":"(anonymous_7)","decl":{"start":{"line":21,"column":54},"end":{"line":21,"column":55}},"loc":{"start":{"line":21,"column":67},"end":{"line":21,"column":90}},"line":21},"8":{"name":"(anonymous_8)","decl":{"start":{"line":24,"column":31},"end":{"line":24,"column":32}},"loc":{"start":{"line":24,"column":37},"end":{"line":27,"column":5}},"line":24},"9":{"name":"(anonymous_9)","decl":{"start":{"line":29,"column":31},"end":{"line":29,"column":32}},"loc":{"start":{"line":29,"column":37},"end":{"line":42,"column":5}},"line":29},"10":{"name":"(anonymous_10)","decl":{"start":{"line":30,"column":37},"end":{"line":30,"column":38}},"loc":{"start":{"line":30,"column":43},"end":{"line":40,"column":9}},"line":30},"11":{"name":"(anonymous_11)","decl":{"start":{"line":31,"column":24},"end":{"line":31,"column":25}},"loc":{"start":{"line":31,"column":37},"end":{"line":39,"column":13}},"line":31},"12":{"name":"(anonymous_12)","decl":{"start":{"line":44,"column":32},"end":{"line":44,"column":33}},"loc":{"start":{"line":44,"column":38},"end":{"line":47,"column":5}},"line":44}},"branchMap":{"0":{"loc":{"start":{"line":15,"column":8},"end":{"line":17,"column":9}},"type":"if","locations":[{"start":{"line":15,"column":8},"end":{"line":17,"column":9}},{"start":{},"end":{}}],"line":15},"1":{"loc":{"start":{"line":32,"column":16},"end":{"line":38,"column":17}},"type":"if","locations":[{"start":{"line":32,"column":16},"end":{"line":38,"column":17}},{"start":{"line":36,"column":21},"end":{"line":38,"column":17}}],"line":32}},"s":{"0":0,"1":0,"2":0,"3":0,"4":0,"5":0,"6":0,"7":0,"8":0,"9":0,"10":0,"11":0,"12":0,"13":0,"14":0,"15":0,"16":0,"17":0,"18":0,"19":0,"20":0,"21":0,"22":0,"23":0,"24":0,"25":0,"26":0,"27":0},"f":{"0":0,"1":0,"2":0,"3":0,"4":0,"5":0,"6":0,"7":0,"8":0,"9":0,"10":0,"11":0,"12":0},"b":{"0":[0,0],"1":[0,0]}}
,"C:\\IntervalTimer\\IntervalTimer\\src\\components\\MinuteSecondPicker.jsx": {"path":"C:\\IntervalTimer\\IntervalTimer\\src\\components\\MinuteSecondPicker.jsx","statementMap":{"0":{"start":{"line":6,"column":27},"end":{"line":59,"column":1}},"1":{"start":{"line":7,"column":20},"end":{"line":7,"column":66}},"2":{"start":{"line":8,"column":20},"end":{"line":9,"column":124}},"3":{"start":{"line":11,"column":32},"end":{"line":11,"column":88}},"4":{"start":{"line":12,"column":32},"end":{"line":12,"column":75}},"5":{"start":{"line":14,"column":4},"end":{"line":16,"column":24}},"6":{"start":{"line":15,"column":8},"end":{"line":15,"column":39}},"7":{"start":{"line":18,"column":4},"end":{"line":58,"column":5}},"8":{"start":{"line":25,"column":50},"end":{"line":25,"column":70}},"9":{"start":{"line":30,"column":28},"end":{"line":35,"column":30}},"10":{"start":{"line":45,"column":50},"end":{"line":45,"column":70}},"11":{"start":{"line":48,"column":24},"end":{"line":53,"column":26}}},"fnMap":{"0":{"name":"(anonymous_0)","decl":{"start":{"line":6,"column":27},"end":{"line":6,"column":28}},"loc":{"start":{"line":6,"column":52},"end":{"line":59,"column":1}},"line":6},"1":{"name":"(anonymous_1)","decl":{"start":{"line":14,"column":14},"end":{"line":14,"column":15}},"loc":{"start":{"line":14,"column":20},"end":{"line":16,"column":5}},"line":14},"2":{"name":"(anonymous_2)","decl":{"start":{"line":25,"column":35},"end":{"line":25,"column":36}},"loc":{"start":{"line":25,"column":50},"end":{"line":25,"column":70}},"line":25},"3":{"name":"(anonymous_3)","decl":{"start":{"line":29,"column":48},"end":{"line":29,"column":49}},"loc":{"start":{"line":30,"column":28},"end":{"line":35,"column":30}},"line":30},"4":{"name":"(anonymous_4)","decl":{"start":{"line":45,"column":35},"end":{"line":45,"column":36}},"loc":{"start":{"line":45,"column":50},"end":{"line":45,"column":70}},"line":45},"5":{"name":"(anonymous_5)","decl":{"start":{"line":47,"column":45},"end":{"line":47,"column":46}},"loc":{"start":{"line":48,"column":24},"end":{"line":53,"column":26}},"line":48}},"branchMap":{},"s":{"0":0,"1":0,"2":0,"3":0,"4":0,"5":0,"6":0,"7":0,"8":0,"9":0,"10":0,"11":0},"f":{"0":0,"1":0,"2":0,"3":0,"4":0,"5":0},"b":{}}
,"C:\\IntervalTimer\\IntervalTimer\\src\\components\\StoreButton.jsx": {"path":"C:\\IntervalTimer\\IntervalTimer\\src\\components\\StoreButton.jsx","statementMap":{"0":{"start":{"line":7,"column":20},"end":{"line":169,"column":1}},"1":{"start":{"line":8,"column":44},"end":{"line":8,"column":59}},"2":{"start":{"line":9,"column":36},"end":{"line":9,"column":50}},"3":{"start":{"line":10,"column":54},"end":{"line":10,"column":69}},"4":{"start":{"line":11,"column":38},"end":{"line":11,"column":52}},"5":{"start":{"line":15,"column":4},"end":{"line":18,"column":27}},"6":{"start":{"line":16,"column":8},"end":{"line":16,"column":27}},"7":{"start":{"line":17,"column":8},"end":{"line":17,"column":26}},"8":{"start":{"line":20,"column":26},"end":{"line":31,"column":5}},"9":{"start":{"line":21,"column":23},"end":{"line":27,"column":9}},"10":{"start":{"line":28,"column":8},"end":{"line":28,"column":44}},"11":{"start":{"line":29,"column":8},"end":{"line":29,"column":47}},"12":{"start":{"line":30,"column":8},"end":{"line":30,"column":33}},"13":{"start":{"line":33,"column":30},"end":{"line":36,"column":5}},"14":{"start":{"line":34,"column":21},"end":{"line":34,"column":47}},"15":{"start":{"line":35,"column":8},"end":{"line":35,"column":58}},"16":{"start":{"line":38,"column":29},"end":{"line":57,"column":5}},"17":{"start":{"line":39,"column":8},"end":{"line":56,"column":10}},"18":{"start":{"line":50,"column":24},"end":{"line":50,"column":47}},"19":{"start":{"line":51,"column":24},"end":{"line":51,"column":60}},"20":{"start":{"line":59,"column":33},"end":{"line":62,"column":5}},"21":{"start":{"line":60,"column":21},"end":{"line":60,"column":47}},"22":{"start":{"line":61,"column":8},"end":{"line":61,"column":61}},"23":{"start":{"line":64,"column":4},"end":{"line":168,"column":6}},"24":{"start":{"line":67,"column":31},"end":{"line":67,"column":52}},"25":{"start":{"line":76,"column":38},"end":{"line":76,"column":60}},"26":{"start":{"line":83,"column":50},"end":{"line":83,"column":77}},"27":{"start":{"line":100,"column":44},"end":{"line":100,"column":68}},"28":{"start":{"line":101,"column":44},"end":{"line":101,"column":71}},"29":{"start":{"line":106,"column":55},"end":{"line":106,"column":82}},"30":{"start":{"line":126,"column":32},"end":{"line":152,"column":33}},"31":{"start":{"line":130,"column":48},"end":{"line":130,"column":85}},"32":{"start":{"line":131,"column":48},"end":{"line":131,"column":83}},"33":{"start":{"line":132,"column":48},"end":{"line":132,"column":85}},"34":{"start":{"line":133,"column":48},"end":{"line":133,"column":81}},"35":{"start":{"line":134,"column":48},"end":{"line":134,"column":70}},"36":{"start":{"line":137,"column":48},"end":{"line":137,"column":76}},"37":{"start":{"line":160,"column":47},"end":{"line":160,"column":73}}},"fnMap":{"0":{"name":"(anonymous_0)","decl":{"start":{"line":7,"column":20},"end":{"line":7,"column":21}},"loc":{"start":{"line":7,"column":138},"end":{"line":169,"column":1}},"line":7},"1":{"name":"(anonymous_1)","decl":{"start":{"line":15,"column":14},"end":{"line":15,"column":15}},"loc":{"start":{"line":15,"column":20},"end":{"line":18,"column":5}},"line":15},"2":{"name":"(anonymous_2)","decl":{"start":{"line":20,"column":26},"end":{"line":20,"column":27}},"loc":{"start":{"line":20,"column":43},"end":{"line":31,"column":5}},"line":20},"3":{"name":"(anonymous_3)","decl":{"start":{"line":33,"column":30},"end":{"line":33,"column":31}},"loc":{"start":{"line":33,"column":42},"end":{"line":36,"column":5}},"line":33},"4":{"name":"(anonymous_4)","decl":{"start":{"line":38,"column":29},"end":{"line":38,"column":30}},"loc":{"start":{"line":38,"column":44},"end":{"line":57,"column":5}},"line":38},"5":{"name":"(anonymous_5)","decl":{"start":{"line":49,"column":29},"end":{"line":49,"column":30}},"loc":{"start":{"line":49,"column":41},"end":{"line":52,"column":21}},"line":49},"6":{"name":"(anonymous_6)","decl":{"start":{"line":59,"column":33},"end":{"line":59,"column":34}},"loc":{"start":{"line":59,"column":45},"end":{"line":62,"column":5}},"line":59},"7":{"name":"(anonymous_7)","decl":{"start":{"line":67,"column":25},"end":{"line":67,"column":26}},"loc":{"start":{"line":67,"column":31},"end":{"line":67,"column":52}},"line":67},"8":{"name":"(anonymous_8)","decl":{"start":{"line":76,"column":32},"end":{"line":76,"column":33}},"loc":{"start":{"line":76,"column":38},"end":{"line":76,"column":60}},"line":76},"9":{"name":"(anonymous_9)","decl":{"start":{"line":83,"column":44},"end":{"line":83,"column":45}},"loc":{"start":{"line":83,"column":50},"end":{"line":83,"column":77}},"line":83},"10":{"name":"(anonymous_10)","decl":{"start":{"line":99,"column":49},"end":{"line":99,"column":50}},"loc":{"start":{"line":99,"column":55},"end":{"line":102,"column":41}},"line":99},"11":{"name":"(anonymous_11)","decl":{"start":{"line":106,"column":49},"end":{"line":106,"column":50}},"loc":{"start":{"line":106,"column":55},"end":{"line":106,"column":82}},"line":106},"12":{"name":"(anonymous_12)","decl":{"start":{"line":125,"column":54},"end":{"line":125,"column":55}},"loc":{"start":{"line":125,"column":71},"end":{"line":153,"column":29}},"line":125},"13":{"name":"(anonymous_13)","decl":{"start":{"line":129,"column":53},"end":{"line":129,"column":54}},"loc":{"start":{"line":129,"column":59},"end":{"line":135,"column":45}},"line":129},"14":{"name":"(anonymous_14)","decl":{"start":{"line":136,"column":57},"end":{"line":136,"column":58}},"loc":{"start":{"line":136,"column":63},"end":{"line":138,"column":45}},"line":136},"15":{"name":"(anonymous_15)","decl":{"start":{"line":160,"column":41},"end":{"line":160,"column":42}},"loc":{"start":{"line":160,"column":47},"end":{"line":160,"column":73}},"line":160}},"branchMap":{"0":{"loc":{"start":{"line":125,"column":29},"end":{"line":153,"column":30}},"type":"binary-expr","locations":[{"start":{"line":125,"column":29},"end":{"line":125,"column":37}},{"start":{"line":125,"column":41},"end":{"line":153,"column":30}}],"line":125}},"s":{"0":0,"1":0,"2":0,"3":0,"4":0,"5":0,"6":0,"7":0,"8":0,"9":0,"10":0,"11":0,"12":0,"13":0,"14":0,"15":0,"16":0,"17":0,"18":0,"19":0,"20":0,"21":0,"22":0,"23":0,"24":0,"25":0,"26":0,"27":0,"28":0,"29":0,"30":0,"31":0,"32":0,"33":0,"34":0,"35":0,"36":0,"37":0},"f":{"0":0,"1":0,"2":0,"3":0,"4":0,"5":0,"6":0,"7":0,"8":0,"9":0,"10":0,"11":0,"12":0,"13":0,"14":0,"15":0},"b":{"0":[0,0]}}
,"C:\\IntervalTimer\\IntervalTimer\\src\\components\\Timer.jsx": {"path":"C:\\IntervalTimer\\IntervalTimer\\src\\components\\Timer.jsx","statementMap":{"0":{"start":{"line":10,"column":14},"end":{"line":64,"column":1}},"1":{"start":{"line":11,"column":44},"end":{"line":11,"column":59}},"2":{"start":{"line":13,"column":22},"end":{"line":13,"column":48}},"3":{"start":{"line":15,"column":4},"end":{"line":63,"column":5}},"4":{"start":{"line":23,"column":24},"end":{"line":23,"column":55}},"5":{"start":{"line":36,"column":47},"end":{"line":36,"column":77}},"6":{"start":{"line":44,"column":35},"end":{"line":44,"column":65}}},"fnMap":{"0":{"name":"(anonymous_0)","decl":{"start":{"line":10,"column":14},"end":{"line":10,"column":15}},"loc":{"start":{"line":10,"column":98},"end":{"line":64,"column":1}},"line":10},"1":{"name":"(anonymous_1)","decl":{"start":{"line":22,"column":36},"end":{"line":22,"column":37}},"loc":{"start":{"line":22,"column":42},"end":{"line":24,"column":21}},"line":22},"2":{"name":"(anonymous_2)","decl":{"start":{"line":36,"column":41},"end":{"line":36,"column":42}},"loc":{"start":{"line":36,"column":47},"end":{"line":36,"column":77}},"line":36},"3":{"name":"(anonymous_3)","decl":{"start":{"line":44,"column":29},"end":{"line":44,"column":30}},"loc":{"start":{"line":44,"column":35},"end":{"line":44,"column":65}},"line":44}},"branchMap":{"0":{"loc":{"start":{"line":19,"column":17},"end":{"line":42,"column":24}},"type":"binary-expr","locations":[{"start":{"line":19,"column":17},"end":{"line":19,"column":27}},{"start":{"line":19,"column":31},"end":{"line":42,"column":24}}],"line":19},"1":{"loc":{"start":{"line":47,"column":25},"end":{"line":47,"column":66}},"type":"cond-expr","locations":[{"start":{"line":47,"column":47},"end":{"line":47,"column":52}},{"start":{"line":47,"column":55},"end":{"line":47,"column":66}}],"line":47}},"s":{"0":0,"1":0,"2":0,"3":0,"4":0,"5":0,"6":0},"f":{"0":0,"1":0,"2":0,"3":0},"b":{"0":[0,0],"1":[0,0]}}
,"C:\\IntervalTimer\\IntervalTimer\\src\\helpers\\helpers.js": {"path":"C:\\IntervalTimer\\IntervalTimer\\src\\helpers\\helpers.js","statementMap":{"0":{"start":{"line":3,"column":16},"end":{"line":117,"column":1}},"1":{"start":{"line":5,"column":8},"end":{"line":12,"column":9}},"2":{"start":{"line":6,"column":28},"end":{"line":6,"column":59}},"3":{"start":{"line":7,"column":12},"end":{"line":7,"column":29}},"4":{"start":{"line":10,"column":28},"end":{"line":10,"column":48}},"5":{"start":{"line":11,"column":12},"end":{"line":11,"column":29}},"6":{"start":{"line":15,"column":22},"end":{"line":15,"column":32}},"7":{"start":{"line":16,"column":22},"end":{"line":16,"column":49}},"8":{"start":{"line":17,"column":20},"end":{"line":17,"column":44}},"9":{"start":{"line":19,"column":8},"end":{"line":19,"column":43}},"10":{"start":{"line":20,"column":8},"end":{"line":27,"column":9}},"11":{"start":{"line":21,"column":30},"end":{"line":21,"column":53}},"12":{"start":{"line":22,"column":12},"end":{"line":22,"column":30}},"13":{"start":{"line":25,"column":30},"end":{"line":25,"column":67}},"14":{"start":{"line":26,"column":12},"end":{"line":26,"column":30}},"15":{"start":{"line":30,"column":8},"end":{"line":39,"column":9}},"16":{"start":{"line":31,"column":12},"end":{"line":31,"column":51}},"17":{"start":{"line":34,"column":12},"end":{"line":34,"column":36}},"18":{"start":{"line":35,"column":12},"end":{"line":38,"column":13}},"19":{"start":{"line":42,"column":8},"end":{"line":52,"column":9}},"20":{"start":{"line":43,"column":28},"end":{"line":43,"column":59}},"21":{"start":{"line":44,"column":12},"end":{"line":44,"column":64}},"22":{"start":{"line":47,"column":12},"end":{"line":47,"column":36}},"23":{"start":{"line":48,"column":12},"end":{"line":51,"column":13}},"24":{"start":{"line":56,"column":8},"end":{"line":65,"column":9}},"25":{"start":{"line":57,"column":12},"end":{"line":57,"column":56}},"26":{"start":{"line":58,"column":12},"end":{"line":58,"column":87}},"27":{"start":{"line":58,"column":59},"end":{"line":58,"column":78}},"28":{"start":{"line":60,"column":12},"end":{"line":60,"column":44}},"29":{"start":{"line":61,"column":12},"end":{"line":64,"column":13}},"30":{"start":{"line":68,"column":8},"end":{"line":77,"column":9}},"31":{"start":{"line":69,"column":12},"end":{"line":69,"column":47}},"32":{"start":{"line":72,"column":12},"end":{"line":72,"column":42}},"33":{"start":{"line":73,"column":12},"end":{"line":76,"column":13}},"34":{"start":{"line":80,"column":8},"end":{"line":89,"column":9}},"35":{"start":{"line":81,"column":12},"end":{"line":81,"column":49}},"36":{"start":{"line":84,"column":12},"end":{"line":84,"column":51}},"37":{"start":{"line":85,"column":12},"end":{"line":88,"column":13}},"38":{"start":{"line":92,"column":8},"end":{"line":101,"column":9}},"39":{"start":{"line":93,"column":12},"end":{"line":93,"column":46}},"40":{"start":{"line":96,"column":12},"end":{"line":96,"column":36}},"41":{"start":{"line":97,"column":12},"end":{"line":100,"column":13}},"42":{"start":{"line":104,"column":19},"end":{"line":104,"column":21}},"43":{"start":{"line":105,"column":8},"end":{"line":115,"column":9}},"44":{"start":{"line":106,"column":12},"end":{"line":106,"column":51}},"45":{"start":{"line":107,"column":12},"end":{"line":107,"column":24}},"46":{"start":{"line":110,"column":12},"end":{"line":110,"column":39}},"47":{"start":{"line":111,"column":12},"end":{"line":114,"column":13}}},"fnMap":{"0":{"name":"(anonymous_0)","decl":{"start":{"line":4,"column":13},"end":{"line":4,"column":14}},"loc":{"start":{"line":4,"column":28},"end":{"line":13,"column":5}},"line":4},"1":{"name":"(anonymous_1)","decl":{"start":{"line":14,"column":17},"end":{"line":14,"column":18}},"loc":{"start":{"line":14,"column":34},"end":{"line":28,"column":5}},"line":14},"2":{"name":"(anonymous_2)","decl":{"start":{"line":29,"column":13},"end":{"line":29,"column":14}},"loc":{"start":{"line":29,"column":41},"end":{"line":40,"column":5}},"line":29},"3":{"name":"(anonymous_3)","decl":{"start":{"line":41,"column":13},"end":{"line":41,"column":14}},"loc":{"start":{"line":41,"column":34},"end":{"line":53,"column":5}},"line":41},"4":{"name":"(anonymous_4)","decl":{"start":{"line":54,"column":22},"end":{"line":54,"column":23}},"loc":{"start":{"line":54,"column":44},"end":{"line":66,"column":5}},"line":54},"5":{"name":"(anonymous_5)","decl":{"start":{"line":58,"column":51},"end":{"line":58,"column":52}},"loc":{"start":{"line":58,"column":59},"end":{"line":58,"column":78}},"line":58},"6":{"name":"(anonymous_6)","decl":{"start":{"line":67,"column":16},"end":{"line":67,"column":17}},"loc":{"start":{"line":67,"column":37},"end":{"line":78,"column":5}},"line":67},"7":{"name":"(anonymous_7)","decl":{"start":{"line":79,"column":25},"end":{"line":79,"column":26}},"loc":{"start":{"line":79,"column":47},"end":{"line":90,"column":5}},"line":79},"8":{"name":"(anonymous_8)","decl":{"start":{"line":91,"column":16},"end":{"line":91,"column":17}},"loc":{"start":{"line":91,"column":37},"end":{"line":102,"column":5}},"line":91},"9":{"name":"(anonymous_9)","decl":{"start":{"line":103,"column":16},"end":{"line":103,"column":17}},"loc":{"start":{"line":103,"column":34},"end":{"line":116,"column":5}},"line":103}},"branchMap":{"0":{"loc":{"start":{"line":5,"column":8},"end":{"line":12,"column":9}},"type":"if","locations":[{"start":{"line":5,"column":8},"end":{"line":12,"column":9}},{"start":{"line":9,"column":13},"end":{"line":12,"column":9}}],"line":5},"1":{"loc":{"start":{"line":20,"column":8},"end":{"line":27,"column":9}},"type":"if","locations":[{"start":{"line":20,"column":8},"end":{"line":27,"column":9}},{"start":{"line":24,"column":13},"end":{"line":27,"column":9}}],"line":20},"2":{"loc":{"start":{"line":44,"column":19},"end":{"line":44,"column":63}},"type":"cond-expr","locations":[{"start":{"line":44,"column":37},"end":{"line":44,"column":56}},{"start":{"line":44,"column":59},"end":{"line":44,"column":63}}],"line":44},"3":{"loc":{"start":{"line":58,"column":19},"end":{"line":58,"column":86}},"type":"cond-expr","locations":[{"start":{"line":58,"column":38},"end":{"line":58,"column":79}},{"start":{"line":58,"column":82},"end":{"line":58,"column":86}}],"line":58}},"s":{"0":1,"1":220,"2":220,"3":220,"4":0,"5":0,"6":220,"7":220,"8":220,"9":220,"10":220,"11":184,"12":184,"13":36,"14":36,"15":0,"16":0,"17":0,"18":0,"19":0,"20":0,"21":0,"22":0,"23":0,"24":0,"25":0,"26":0,"27":0,"28":0,"29":0,"30":0,"31":0,"32":0,"33":0,"34":0,"35":0,"36":0,"37":0,"38":0,"39":0,"40":0,"41":0,"42":0,"43":0,"44":0,"45":0,"46":0,"47":0},"f":{"0":220,"1":220,"2":0,"3":0,"4":0,"5":0,"6":0,"7":0,"8":0,"9":0},"b":{"0":[220,0],"1":[184,36],"2":[0,0],"3":[0,0]},"_coverageSchema":"1a1c01bbd47fc00a2c39e90264f33305004495a9","hash":"bbe98f48ecbe2c66a7a1c22f5c9f5339c56c141e"}
,"C:\\IntervalTimer\\IntervalTimer\\src\\styles\\styles.js": {"path":"C:\\IntervalTimer\\IntervalTimer\\src\\styles\\styles.js","statementMap":{"0":{"start":{"line":4,"column":22},"end":{"line":235,"column":2}}},"fnMap":{},"branchMap":{},"s":{"0":1},"f":{},"b":{},"_coverageSchema":"1a1c01bbd47fc00a2c39e90264f33305004495a9","hash":"86240138edc6bd26c73bcd52b99bfc0865b4df4e"}
}
