TN:
SF:App.js
FN:9,(anonymous_0)
FNF:1
FNH:0
FNDA:0,(anonymous_0)
DA:9,0
DA:10,0
DA:11,0
DA:12,0
DA:13,0
DA:15,0
DA:16,0
DA:18,0
LF:8
LH:0
BRDA:29,0,0,0
BRDA:29,0,1,0
BRF:2
BRH:0
end_of_record
TN:
SF:src\components\FightClock.jsx
FN:7,(anonymous_0)
FN:24,(anonymous_1)
FN:25,(anonymous_2)
FN:38,(anonymous_3)
FN:43,(anonymous_4)
FN:55,(anonymous_5)
FN:67,(anonymous_6)
FN:79,(anonymous_7)
FN:162,(anonymous_8)
FN:179,(anonymous_9)
FN:188,(anonymous_10)
FN:189,(anonymous_11)
FN:221,(anonymous_12)
FNF:13
FNH:11
FNDA:220,(anonymous_0)
FNDA:8,(anonymous_1)
FNDA:0,(anonymous_2)
FNDA:8,(anonymous_3)
FNDA:12,(anonymous_4)
FNDA:16,(anonymous_5)
FNDA:12,(anonymous_6)
FNDA:108,(anonymous_7)
FNDA:8,(anonymous_8)
FNDA:8,(anonymous_9)
FNDA:90,(anonymous_10)
FNDA:90,(anonymous_11)
FNDA:0,(anonymous_12)
DA:7,1
DA:8,220
DA:9,220
DA:10,220
DA:11,220
DA:12,220
DA:13,220
DA:14,220
DA:15,220
DA:16,220
DA:17,220
DA:18,220
DA:19,220
DA:21,220
DA:22,220
DA:24,220
DA:25,8
DA:26,0
DA:30,0
DA:33,0
DA:34,0
DA:38,8
DA:39,8
DA:43,220
DA:44,12
DA:46,12
DA:47,2
DA:49,10
DA:52,12
DA:55,220
DA:56,16
DA:58,16
DA:59,12
DA:61,4
DA:64,16
DA:67,220
DA:68,12
DA:70,12
DA:71,12
DA:74,12
DA:79,220
DA:80,108
DA:81,0
DA:83,0
DA:84,0
DA:86,0
DA:88,0
DA:89,0
DA:93,0
DA:95,0
DA:96,0
DA:97,0
DA:98,0
DA:99,0
DA:100,0
DA:101,0
DA:104,0
DA:109,0
DA:110,0
DA:115,0
DA:117,0
DA:119,0
DA:120,0
DA:121,0
DA:122,0
DA:126,0
DA:127,0
DA:128,0
DA:129,0
DA:135,0
DA:136,0
DA:137,0
DA:147,0
DA:148,0
DA:149,0
DA:151,0
DA:154,108
DA:155,4
DA:157,108
DA:158,8
DA:159,4
DA:162,8
DA:163,8
DA:164,6
DA:165,4
DA:166,2
DA:169,108
DA:170,8
DA:171,8
DA:172,8
DA:173,8
DA:176,108
DA:179,220
DA:180,8
DA:181,0
DA:186,8
DA:187,8
DA:188,8
DA:189,90
DA:190,90
DA:193,8
DA:194,4
DA:197,4
DA:199,8
DA:200,8
DA:201,8
DA:202,8
DA:206,220
DA:222,0
DA:223,0
DA:224,0
DA:225,0
DA:226,0
DA:227,0
LF:114
LH:69
BRDA:8,0,0,136
BRDA:8,0,1,84
BRDA:26,1,0,0
BRDA:26,1,1,0
BRDA:27,2,0,0
BRDA:27,2,1,0
BRDA:44,3,0,12
BRDA:44,3,1,0
BRDA:46,4,0,2
BRDA:46,4,1,10
BRDA:47,5,0,2
BRDA:47,5,1,0
BRDA:56,6,0,16
BRDA:56,6,1,0
BRDA:58,7,0,12
BRDA:58,7,1,4
BRDA:68,8,0,12
BRDA:68,8,1,0
BRDA:70,9,0,12
BRDA:70,9,1,0
BRDA:70,10,0,12
BRDA:70,10,1,12
BRDA:80,11,0,0
BRDA:80,11,1,108
BRDA:86,12,0,0
BRDA:86,12,1,0
BRDA:88,13,0,0
BRDA:88,13,1,0
BRDA:96,14,0,0
BRDA:96,14,1,0
BRDA:100,15,0,0
BRDA:100,15,1,0
BRDA:117,16,0,0
BRDA:117,16,1,0
BRDA:119,17,0,0
BRDA:119,17,1,0
BRDA:119,18,0,0
BRDA:119,18,1,0
BRDA:119,18,2,0
BRDA:126,19,0,0
BRDA:126,19,1,0
BRDA:126,20,0,0
BRDA:126,20,1,0
BRDA:126,20,2,0
BRDA:135,21,0,0
BRDA:135,21,1,0
BRDA:135,22,0,0
BRDA:135,22,1,0
BRDA:154,23,0,4
BRDA:154,23,1,104
BRDA:154,24,0,108
BRDA:154,24,1,20
BRDA:154,24,2,4
BRDA:157,25,0,8
BRDA:157,25,1,100
BRDA:157,26,0,108
BRDA:157,26,1,18
BRDA:158,27,0,4
BRDA:158,27,1,4
BRDA:158,28,0,8
BRDA:158,28,1,5
BRDA:163,29,0,2
BRDA:163,29,1,6
BRDA:164,30,0,2
BRDA:164,30,1,4
BRDA:164,31,0,6
BRDA:164,31,1,2
BRDA:165,32,0,2
BRDA:165,32,1,2
BRDA:169,33,0,8
BRDA:169,33,1,100
BRDA:169,34,0,108
BRDA:169,34,1,18
BRDA:169,34,2,10
BRDA:180,35,0,0
BRDA:180,35,1,8
BRDA:193,36,0,4
BRDA:193,36,1,4
BRDA:199,37,0,4
BRDA:199,37,1,4
BRDA:231,38,0,220
BRDA:231,38,1,212
BRDA:231,38,2,44
BRDA:236,39,0,220
BRDA:236,39,1,212
BRDA:236,39,2,188
BRDA:236,39,3,144
BRDA:242,40,0,220
BRDA:242,40,1,212
BRDA:242,40,2,24
BRDA:242,40,3,24
BRDA:248,41,0,220
BRDA:248,41,1,8
BRF:93
BRH:58
end_of_record
TN:
SF:src\components\IncrementDecrementButton.jsx
FN:6,(anonymous_0)
FN:11,(anonymous_1)
FN:12,(anonymous_2)
FN:14,(anonymous_3)
FN:16,(anonymous_4)
FN:20,(anonymous_5)
FN:21,(anonymous_6)
FN:21,(anonymous_7)
FN:24,(anonymous_8)
FN:29,(anonymous_9)
FN:30,(anonymous_10)
FN:31,(anonymous_11)
FN:44,(anonymous_12)
FNF:13
FNH:0
FNDA:0,(anonymous_0)
FNDA:0,(anonymous_1)
FNDA:0,(anonymous_2)
FNDA:0,(anonymous_3)
FNDA:0,(anonymous_4)
FNDA:0,(anonymous_5)
FNDA:0,(anonymous_6)
FNDA:0,(anonymous_7)
FNDA:0,(anonymous_8)
FNDA:0,(anonymous_9)
FNDA:0,(anonymous_10)
FNDA:0,(anonymous_11)
FNDA:0,(anonymous_12)
DA:6,0
DA:8,0
DA:9,0
DA:11,0
DA:12,0
DA:14,0
DA:15,0
DA:16,0
DA:20,0
DA:21,0
DA:24,0
DA:25,0
DA:26,0
DA:29,0
DA:30,0
DA:31,0
DA:32,0
DA:33,0
DA:34,0
DA:37,0
DA:44,0
DA:45,0
DA:46,0
DA:49,0
LF:24
LH:0
BRDA:15,0,0,0
BRDA:15,0,1,0
BRDA:32,1,0,0
BRDA:32,1,1,0
BRF:4
BRH:0
end_of_record
TN:
SF:src\components\MinuteSecondPicker.jsx
FN:6,(anonymous_0)
FN:14,(anonymous_1)
FN:25,(anonymous_2)
FN:29,(anonymous_3)
FN:45,(anonymous_4)
FN:47,(anonymous_5)
FNF:6
FNH:0
FNDA:0,(anonymous_0)
FNDA:0,(anonymous_1)
FNDA:0,(anonymous_2)
FNDA:0,(anonymous_3)
FNDA:0,(anonymous_4)
FNDA:0,(anonymous_5)
DA:6,0
DA:7,0
DA:8,0
DA:11,0
DA:12,0
DA:14,0
DA:15,0
DA:18,0
DA:25,0
DA:30,0
DA:45,0
DA:48,0
LF:12
LH:0
BRF:0
BRH:0
end_of_record
TN:
SF:src\components\StoreButton.jsx
FN:7,(anonymous_0)
FN:15,(anonymous_1)
FN:20,(anonymous_2)
FN:33,(anonymous_3)
FN:38,(anonymous_4)
FN:49,(anonymous_5)
FN:59,(anonymous_6)
FN:67,(anonymous_7)
FN:76,(anonymous_8)
FN:83,(anonymous_9)
FN:99,(anonymous_10)
FN:106,(anonymous_11)
FN:125,(anonymous_12)
FN:129,(anonymous_13)
FN:136,(anonymous_14)
FN:160,(anonymous_15)
FNF:16
FNH:0
FNDA:0,(anonymous_0)
FNDA:0,(anonymous_1)
FNDA:0,(anonymous_2)
FNDA:0,(anonymous_3)
FNDA:0,(anonymous_4)
FNDA:0,(anonymous_5)
FNDA:0,(anonymous_6)
FNDA:0,(anonymous_7)
FNDA:0,(anonymous_8)
FNDA:0,(anonymous_9)
FNDA:0,(anonymous_10)
FNDA:0,(anonymous_11)
FNDA:0,(anonymous_12)
FNDA:0,(anonymous_13)
FNDA:0,(anonymous_14)
FNDA:0,(anonymous_15)
DA:7,0
DA:8,0
DA:9,0
DA:10,0
DA:11,0
DA:15,0
DA:16,0
DA:17,0
DA:20,0
DA:21,0
DA:28,0
DA:29,0
DA:30,0
DA:33,0
DA:34,0
DA:35,0
DA:38,0
DA:39,0
DA:50,0
DA:51,0
DA:59,0
DA:60,0
DA:61,0
DA:64,0
DA:67,0
DA:76,0
DA:83,0
DA:100,0
DA:101,0
DA:106,0
DA:126,0
DA:130,0
DA:131,0
DA:132,0
DA:133,0
DA:134,0
DA:137,0
DA:160,0
LF:38
LH:0
BRDA:125,0,0,0
BRDA:125,0,1,0
BRF:2
BRH:0
end_of_record
TN:
SF:src\components\Timer.jsx
FN:10,(anonymous_0)
FN:22,(anonymous_1)
FN:36,(anonymous_2)
FN:44,(anonymous_3)
FNF:4
FNH:0
FNDA:0,(anonymous_0)
FNDA:0,(anonymous_1)
FNDA:0,(anonymous_2)
FNDA:0,(anonymous_3)
DA:10,0
DA:11,0
DA:13,0
DA:15,0
DA:23,0
DA:36,0
DA:44,0
LF:7
LH:0
BRDA:19,0,0,0
BRDA:19,0,1,0
BRDA:47,1,0,0
BRDA:47,1,1,0
BRF:4
BRH:0
end_of_record
TN:
SF:src\helpers\helpers.js
FN:4,(anonymous_0)
FN:14,(anonymous_1)
FN:29,(anonymous_2)
FN:41,(anonymous_3)
FN:54,(anonymous_4)
FN:58,(anonymous_5)
FN:67,(anonymous_6)
FN:79,(anonymous_7)
FN:91,(anonymous_8)
FN:103,(anonymous_9)
FNF:10
FNH:2
FNDA:220,(anonymous_0)
FNDA:220,(anonymous_1)
FNDA:0,(anonymous_2)
FNDA:0,(anonymous_3)
FNDA:0,(anonymous_4)
FNDA:0,(anonymous_5)
FNDA:0,(anonymous_6)
FNDA:0,(anonymous_7)
FNDA:0,(anonymous_8)
FNDA:0,(anonymous_9)
DA:3,1
DA:5,220
DA:6,220
DA:7,220
DA:10,0
DA:11,0
DA:15,220
DA:16,220
DA:17,220
DA:19,220
DA:20,220
DA:21,184
DA:22,184
DA:25,36
DA:26,36
DA:30,0
DA:31,0
DA:34,0
DA:35,0
DA:42,0
DA:43,0
DA:44,0
DA:47,0
DA:48,0
DA:56,0
DA:57,0
DA:58,0
DA:60,0
DA:61,0
DA:68,0
DA:69,0
DA:72,0
DA:73,0
DA:80,0
DA:81,0
DA:84,0
DA:85,0
DA:92,0
DA:93,0
DA:96,0
DA:97,0
DA:104,0
DA:105,0
DA:106,0
DA:107,0
DA:110,0
DA:111,0
LF:47
LH:13
BRDA:5,0,0,220
BRDA:5,0,1,0
BRDA:20,1,0,184
BRDA:20,1,1,36
BRDA:44,2,0,0
BRDA:44,2,1,0
BRDA:58,3,0,0
BRDA:58,3,1,0
BRF:8
BRH:3
end_of_record
TN:
SF:src\styles\styles.js
FNF:0
FNH:0
DA:4,1
LF:1
LH:1
BRF:0
BRH:0
end_of_record
